TN:
SF:/Users/baidu/www/jpui/build/src/core/util.js
FN:1,(anonymous_1)
FN:4,(anonymous_2)
FN:20,(anonymous_3)
FN:25,compare2Objects
FN:79,(anonymous_5)
FN:81,(anonymous_6)
FN:89,(anonymous_7)
FN:105,(anonymous_8)
FN:124,(anonymous_9)
FN:128,(anonymous_10)
FN:129,(anonymous_11)
FN:133,(anonymous_12)
FN:136,(anonymous_13)
FN:147,(anonymous_14)
FN:159,(anonymous_15)
FN:178,(anonymous_16)
FN:179,getCompatElement
FN:184,getPositionInViewport
FN:193,getPositionInDocument
FN:211,(anonymous_20)
FN:223,(anonymous_21)
FN:230,(anonymous_22)
FN:259,(anonymous_23)
FNF:23
FNH:17
FNDA:1,(anonymous_1)
FNDA:4409,(anonymous_2)
FNDA:24,(anonymous_3)
FNDA:169,compare2Objects
FNDA:0,(anonymous_5)
FNDA:0,(anonymous_6)
FNDA:4342,(anonymous_7)
FNDA:0,(anonymous_8)
FNDA:38,(anonymous_9)
FNDA:0,(anonymous_10)
FNDA:0,(anonymous_11)
FNDA:496,(anonymous_12)
FNDA:2,(anonymous_13)
FNDA:1,(anonymous_14)
FNDA:120,(anonymous_15)
FNDA:75,(anonymous_16)
FNDA:300,getCompatElement
FNDA:150,getPositionInViewport
FNDA:75,getPositionInDocument
FNDA:20,(anonymous_20)
FNDA:0,(anonymous_21)
FNDA:341,(anonymous_22)
FNDA:1,(anonymous_23)
DA:1,1
DA:2,1
DA:5,4409
DA:6,0
DA:7,4409
DA:8,4409
DA:9,8810
DA:10,8810
DA:11,8807
DA:12,6182
DA:13,6182
DA:18,4409
DA:21,24
DA:22,24
DA:23,0
DA:24,24
DA:25,1
DA:26,169
DA:27,0
DA:28,169
DA:29,0
DA:30,169
DA:31,0
DA:32,169
DA:33,0
DA:34,169
DA:35,0
DA:36,169
DA:37,0
DA:38,169
DA:39,0
DA:40,169
DA:41,0
DA:42,169
DA:43,0
DA:44,169
DA:45,0
DA:46,169
DA:47,0
DA:48,169
DA:49,169
DA:50,385
DA:51,2
DA:52,383
DA:53,0
DA:55,167
DA:56,382
DA:57,0
DA:58,382
DA:59,0
DA:60,382
DA:63,145
DA:64,145
DA:65,145
DA:66,2
DA:67,143
DA:68,143
DA:69,143
DA:71,237
DA:72,0
DA:73,237
DA:76,165
DA:80,0
DA:81,0
DA:82,0
DA:83,0
DA:84,0
DA:86,0
DA:87,0
DA:90,4342
DA:91,0
DA:93,4342
DA:94,4342
DA:95,0
DA:97,4342
DA:98,0
DA:100,4342
DA:101,0
DA:103,4342
DA:106,0
DA:107,0
DA:109,0
DA:110,0
DA:111,0
DA:113,0
DA:114,0
DA:116,0
DA:117,0
DA:119,0
DA:120,0
DA:122,0
DA:125,38
DA:126,38
DA:129,0
DA:130,0
DA:134,496
DA:137,2
DA:138,2
DA:139,2
DA:141,0
DA:142,0
DA:143,0
DA:145,2
DA:148,1
DA:149,1
DA:150,1
DA:151,0
DA:152,0
DA:153,0
DA:154,0
DA:155,0
DA:156,0
DA:160,120
DA:161,0
DA:162,120
DA:163,120
DA:164,247
DA:165,0
DA:167,247
DA:169,120
DA:170,120
DA:171,120
DA:172,120
DA:174,0
DA:176,0
DA:179,1
DA:180,300
DA:181,300
DA:182,300
DA:184,1
DA:185,150
DA:186,150
DA:187,150
DA:188,150
DA:193,1
DA:194,75
DA:195,75
DA:196,75
DA:197,75
DA:202,75
DA:203,75
DA:204,75
DA:212,20
DA:213,20
DA:215,0
DA:216,0
DA:217,0
DA:218,0
DA:219,0
DA:220,0
DA:221,0
DA:223,0
DA:224,0
DA:226,0
DA:228,0
DA:231,341
DA:232,81
DA:233,260
DA:234,260
DA:235,260
DA:243,260
DA:244,260
DA:246,260
DA:247,1560
DA:248,520
DA:251,260
DA:254,1
DA:259,1
LF:168
LH:102
BRDA:4,1,0,1
BRDA:4,1,1,1
BRDA:5,2,0,0
BRDA:5,2,1,4409
BRDA:10,3,0,8807
BRDA:10,3,1,3
BRDA:12,4,0,6182
BRDA:12,4,1,0
BRDA:22,5,0,0
BRDA:22,5,1,24
BRDA:26,6,0,0
BRDA:26,6,1,169
BRDA:26,7,0,169
BRDA:26,7,1,166
BRDA:26,7,2,166
BRDA:26,7,3,0
BRDA:28,8,0,0
BRDA:28,8,1,169
BRDA:30,9,0,0
BRDA:30,9,1,169
BRDA:30,10,0,169
BRDA:30,10,1,0
BRDA:32,11,0,0
BRDA:32,11,1,169
BRDA:32,12,0,169
BRDA:32,12,1,0
BRDA:34,13,0,0
BRDA:34,13,1,169
BRDA:34,14,0,169
BRDA:34,14,1,0
BRDA:36,15,0,0
BRDA:36,15,1,169
BRDA:36,16,0,169
BRDA:36,16,1,0
BRDA:38,17,0,0
BRDA:38,17,1,169
BRDA:38,18,0,169
BRDA:38,18,1,0
BRDA:40,19,0,0
BRDA:40,19,1,169
BRDA:40,20,0,169
BRDA:40,20,1,169
BRDA:42,21,0,0
BRDA:42,21,1,169
BRDA:42,22,0,169
BRDA:42,22,1,169
BRDA:44,23,0,0
BRDA:44,23,1,169
BRDA:46,24,0,0
BRDA:46,24,1,169
BRDA:46,25,0,169
BRDA:46,25,1,169
BRDA:50,26,0,2
BRDA:50,26,1,383
BRDA:52,27,0,0
BRDA:52,27,1,383
BRDA:56,28,0,0
BRDA:56,28,1,382
BRDA:58,29,0,0
BRDA:58,29,1,382
BRDA:60,30,0,145
BRDA:60,30,1,145
BRDA:60,30,2,237
BRDA:65,31,0,2
BRDA:65,31,1,143
BRDA:71,32,0,0
BRDA:71,32,1,237
BRDA:83,33,0,0
BRDA:83,33,1,0
BRDA:86,34,0,0
BRDA:86,34,1,0
BRDA:90,35,0,0
BRDA:90,35,1,4342
BRDA:90,36,0,4342
BRDA:90,36,1,4342
BRDA:90,36,2,4342
BRDA:94,37,0,0
BRDA:94,37,1,4342
BRDA:94,38,0,4342
BRDA:94,38,1,4342
BRDA:97,39,0,0
BRDA:97,39,1,4342
BRDA:100,40,0,0
BRDA:100,40,1,4342
BRDA:106,41,0,0
BRDA:106,41,1,0
BRDA:106,42,0,0
BRDA:106,42,1,0
BRDA:106,42,2,0
BRDA:110,43,0,0
BRDA:110,43,1,0
BRDA:110,44,0,0
BRDA:110,44,1,0
BRDA:113,45,0,0
BRDA:113,45,1,0
BRDA:116,46,0,0
BRDA:116,46,1,0
BRDA:119,47,0,0
BRDA:119,47,1,0
BRDA:125,48,0,36
BRDA:125,48,1,2
BRDA:134,49,0,0
BRDA:134,49,1,496
BRDA:138,50,0,2
BRDA:138,50,1,0
BRDA:148,51,0,1
BRDA:148,51,1,0
BRDA:151,52,0,0
BRDA:151,52,1,0
BRDA:160,53,0,0
BRDA:160,53,1,120
BRDA:163,54,0,367
BRDA:163,54,1,247
BRDA:164,55,0,0
BRDA:164,55,1,247
BRDA:164,56,0,247
BRDA:164,56,1,247
BRDA:171,57,0,120
BRDA:171,57,1,0
BRDA:171,58,0,120
BRDA:171,58,1,0
BRDA:180,59,0,300
BRDA:180,59,1,0
BRDA:180,59,2,300
BRDA:182,60,0,300
BRDA:182,60,1,0
BRDA:182,61,0,300
BRDA:182,61,1,300
BRDA:194,62,0,75
BRDA:194,62,1,0
BRDA:195,63,0,75
BRDA:195,63,1,0
BRDA:212,64,0,20
BRDA:212,64,1,0
BRDA:220,65,0,0
BRDA:220,65,1,0
BRDA:231,66,0,81
BRDA:231,66,1,260
BRDA:233,67,0,260
BRDA:233,67,1,0
BRDA:234,68,0,260
BRDA:234,68,1,0
BRDA:243,69,0,260
BRDA:243,69,1,0
BRDA:247,70,0,520
BRDA:247,70,1,1040
BRDA:248,71,0,0
BRDA:248,71,1,520
BRF:148
BRH:81
end_of_record
TN:
SF:/Users/baidu/www/jpui/build/src/Crumb.jsx.js
FN:1,(anonymous_1)
FN:6,getDefaultProps
FN:15,getInitialState
FN:18,render
FN:26,(anonymous_5)
FNF:5
FNH:5
FNDA:1,(anonymous_1)
FNDA:1,getDefaultProps
FNDA:3,getInitialState
FNDA:3,render
FNDA:1,(anonymous_5)
DA:1,1
DA:2,1
DA:3,1
DA:4,1
DA:5,1
DA:7,1
DA:16,3
DA:19,3
DA:20,3
DA:26,1
DA:27,1
LF:11
LH:11
BRF:0
BRH:0
end_of_record
TN:
SF:/Users/baidu/www/jpui/build/src/DropDownList.jsx.js
FN:1,(anonymous_1)
FN:8,getDefaultProps
FN:24,getInitialState
FN:30,onMouseEnter
FN:36,onMouseLeave
FN:40,onListClick
FN:44,render
FN:81,(anonymous_8)
FNF:8
FNH:8
FNDA:1,(anonymous_1)
FNDA:1,getDefaultProps
FNDA:5,getInitialState
FNDA:3,onMouseEnter
FNDA:1,onMouseLeave
FNDA:1,onListClick
FNDA:11,render
FNDA:1,(anonymous_8)
DA:1,1
DA:2,1
DA:3,1
DA:4,1
DA:5,1
DA:6,1
DA:9,1
DA:25,5
DA:31,3
DA:37,1
DA:38,1
DA:41,1
DA:42,1
DA:45,11
DA:46,11
DA:47,11
DA:48,11
DA:56,11
DA:68,11
DA:69,0
DA:71,11
DA:72,11
DA:73,11
DA:74,11
DA:75,11
DA:81,1
DA:82,1
LF:27
LH:26
BRDA:47,1,0,11
BRDA:47,1,1,10
BRDA:51,2,0,11
BRDA:51,2,1,4
BRDA:51,2,2,4
BRDA:54,3,0,0
BRDA:54,3,1,11
BRDA:62,4,0,0
BRDA:62,4,1,11
BRDA:68,5,0,0
BRDA:68,5,1,11
BRDA:73,6,0,0
BRDA:73,6,1,11
BRDA:74,7,0,4
BRDA:74,7,1,7
BRF:15
BRH:11
end_of_record
TN:
SF:/Users/baidu/www/jpui/build/src/Button.jsx.js
FN:1,(anonymous_1)
FN:6,getDefaultProps
FN:24,getInitialState
FN:27,onClick
FN:33,onMouseDown
FN:37,onMouseUp
FN:41,render
FN:70,(anonymous_8)
FNF:8
FNH:8
FNDA:1,(anonymous_1)
FNDA:1,getDefaultProps
FNDA:840,getInitialState
FNDA:40,onClick
FNDA:2,onMouseDown
FNDA:2,onMouseUp
FNDA:2811,render
FNDA:1,(anonymous_8)
DA:1,1
DA:2,1
DA:3,1
DA:4,1
DA:7,1
DA:25,840
DA:28,40
DA:29,28
DA:30,28
DA:31,28
DA:34,2
DA:35,1
DA:38,2
DA:39,1
DA:42,2811
DA:48,2811
DA:57,2811
DA:61,2811
DA:62,122
DA:64,2811
DA:70,1
DA:71,1
LF:22
LH:22
BRDA:28,1,0,12
BRDA:28,1,1,28
BRDA:34,2,0,1
BRDA:34,2,1,1
BRDA:38,3,0,1
BRDA:38,3,1,1
BRDA:43,4,0,2810
BRDA:43,4,1,1
BRDA:61,5,0,122
BRDA:61,5,1,2689
BRDA:64,6,0,122
BRDA:64,6,1,2689
BRF:12
BRH:12
end_of_record
TN:
SF:/Users/baidu/www/jpui/build/src/Switch.jsx.js
FN:1,(anonymous_1)
FN:12,(anonymous_2)
FN:20,getDefaultProps
FN:35,getInitialState
FN:38,onClick
FN:45,render
FN:59,(anonymous_7)
FNF:7
FNH:6
FNDA:0,(anonymous_1)
FNDA:1,(anonymous_2)
FNDA:1,getDefaultProps
FNDA:3,getInitialState
FNDA:2,onClick
FNDA:4,render
FNDA:1,(anonymous_7)
DA:1,1
DA:2,0
DA:3,0
DA:4,0
DA:5,0
DA:6,0
DA:10,0
DA:12,1
DA:13,1
DA:14,1
DA:15,1
DA:16,1
DA:17,1
DA:21,1
DA:36,3
DA:39,2
DA:40,1
DA:41,1
DA:42,1
DA:43,1
DA:46,4
DA:47,4
DA:48,4
DA:49,4
DA:50,4
DA:51,4
DA:52,4
DA:53,4
DA:59,1
DA:60,1
LF:30
LH:24
BRDA:1,1,0,1
BRDA:1,1,1,1
BRDA:5,2,0,0
BRDA:5,2,1,0
BRDA:39,3,0,1
BRDA:39,3,1,1
BRDA:49,4,0,3
BRDA:49,4,1,1
BRDA:49,5,0,4
BRDA:49,5,1,1
BRDA:50,6,0,3
BRDA:50,6,1,1
BRDA:51,7,0,3
BRDA:51,7,1,1
BRDA:51,8,0,4
BRDA:51,8,1,3
BRDA:51,8,2,3
BRDA:52,9,0,0
BRDA:52,9,1,4
BRDA:52,10,0,4
BRDA:52,10,1,1
BRDA:52,10,2,1
BRF:22
BRH:19
end_of_record
TN:
SF:/Users/baidu/www/jpui/build/src/Tab.jsx.js
FN:1,(anonymous_1)
FN:10,getDefaultProps
FN:21,getInitialState
FN:24,onClick
FN:31,render
FN:38,(anonymous_6)
FNF:6
FNH:6
FNDA:1,(anonymous_1)
FNDA:1,getDefaultProps
FNDA:4,getInitialState
FNDA:3,onClick
FNDA:6,render
FNDA:1,(anonymous_6)
DA:1,1
DA:2,1
DA:3,1
DA:4,1
DA:5,1
DA:6,1
DA:7,1
DA:11,1
DA:22,4
DA:25,3
DA:26,2
DA:27,2
DA:28,2
DA:29,2
DA:32,6
DA:38,1
DA:39,1
LF:17
LH:17
BRDA:25,1,0,1
BRDA:25,1,1,2
BRDA:25,2,0,3
BRDA:25,2,1,3
BRF:4
BRH:4
end_of_record
TN:
SF:/Users/baidu/www/jpui/build/src/Layer.jsx.js
FN:1,(anonymous_1)
FN:7,noop
FN:10,getDefaultProps
FN:29,getInitialState
FN:32,componentDidMount
FN:54,componentWillReceiveProps
FN:58,componentWillUnmount
FN:66,onLayerMouseEnter
FN:70,onLayerMouseLeave
FN:74,onBodyClick
FN:83,onWorkerRunning
FN:94,renderSubTree
FN:102,(anonymous_13)
FN:108,(anonymous_14)
FN:111,(anonymous_15)
FN:121,removeSubTree
FN:132,fixedContainer
FN:144,fixedSize
FN:167,fixedVirtualBorder
FN:184,fixedPosition
FN:201,render
FN:208,(anonymous_22)
FNF:22
FNH:20
FNDA:1,(anonymous_1)
FNDA:57,noop
FNDA:1,getDefaultProps
FNDA:430,getInitialState
FNDA:430,componentDidMount
FNDA:357,componentWillReceiveProps
FNDA:2,componentWillUnmount
FNDA:1,onLayerMouseEnter
FNDA:2,onLayerMouseLeave
FNDA:17,onBodyClick
FNDA:69,onWorkerRunning
FNDA:787,renderSubTree
FNDA:51,(anonymous_13)
FNDA:31,(anonymous_14)
FNDA:69,(anonymous_15)
FNDA:32,removeSubTree
FNDA:787,fixedContainer
FNDA:0,fixedSize
FNDA:0,fixedVirtualBorder
FNDA:120,fixedPosition
FNDA:792,render
FNDA:1,(anonymous_22)
DA:1,2
DA:2,1
DA:3,1
DA:4,1
DA:5,1
DA:6,1
DA:7,1
DA:8,1
DA:11,1
DA:30,430
DA:33,430
DA:34,430
DA:35,430
DA:36,430
DA:37,430
DA:38,430
DA:39,430
DA:40,430
DA:41,430
DA:42,430
DA:43,430
DA:44,430
DA:45,430
DA:46,430
DA:47,430
DA:48,430
DA:49,430
DA:50,430
DA:51,430
DA:52,430
DA:55,357
DA:56,357
DA:59,2
DA:60,2
DA:61,2
DA:62,2
DA:63,2
DA:64,2
DA:67,1
DA:68,1
DA:71,2
DA:72,2
DA:75,17
DA:76,9
DA:77,9
DA:78,9
DA:79,9
DA:80,9
DA:84,69
DA:85,0
DA:86,0
DA:88,69
DA:89,69
DA:90,69
DA:91,69
DA:95,787
DA:96,353
DA:97,72
DA:98,72
DA:99,51
DA:100,32
DA:102,51
DA:103,51
DA:104,51
DA:105,32
DA:106,32
DA:107,32
DA:108,32
DA:109,31
DA:111,32
DA:112,69
DA:116,51
DA:118,21
DA:119,21
DA:122,32
DA:123,24
DA:124,24
DA:125,24
DA:126,24
DA:127,24
DA:128,24
DA:129,24
DA:130,24
DA:133,787
DA:134,787
DA:135,787
DA:136,787
DA:137,787
DA:138,787
DA:139,62
DA:140,62
DA:142,787
DA:145,0
DA:146,0
DA:147,0
DA:148,0
DA:149,0
DA:150,0
DA:151,0
DA:152,0
DA:153,0
DA:155,0
DA:156,0
DA:157,0
DA:158,0
DA:159,0
DA:160,0
DA:161,0
DA:162,0
DA:164,0
DA:165,0
DA:168,0
DA:178,0
DA:179,0
DA:180,0
DA:181,0
DA:182,0
DA:185,120
DA:186,120
DA:188,0
DA:189,0
DA:190,0
DA:191,0
DA:192,0
DA:193,0
DA:194,0
DA:195,0
DA:197,0
DA:198,0
DA:199,0
DA:202,792
DA:208,2
DA:209,1
LF:133
LH:95
BRDA:33,1,0,0
BRDA:33,1,1,430
BRDA:33,2,0,430
BRDA:33,2,1,430
BRDA:68,3,0,1
BRDA:68,3,1,1
BRDA:72,4,0,2
BRDA:72,4,1,2
BRDA:75,5,0,8
BRDA:75,5,1,9
BRDA:75,6,0,17
BRDA:75,6,1,17
BRDA:77,7,0,9
BRDA:77,7,1,9
BRDA:78,8,0,9
BRDA:78,8,1,0
BRDA:80,9,0,9
BRDA:80,9,1,9
BRDA:84,10,0,0
BRDA:84,10,1,69
BRDA:90,11,0,69
BRDA:90,11,1,0
BRDA:95,12,0,434
BRDA:95,12,1,353
BRDA:95,13,0,787
BRDA:95,13,1,787
BRDA:96,14,0,281
BRDA:96,14,1,72
BRDA:96,15,0,353
BRDA:96,15,1,302
BRDA:98,16,0,51
BRDA:98,16,1,21
BRDA:99,17,0,32
BRDA:99,17,1,19
BRDA:104,18,0,32
BRDA:104,18,1,19
BRDA:107,19,0,32
BRDA:107,19,1,32
BRDA:119,20,0,21
BRDA:119,20,1,21
BRDA:122,21,0,8
BRDA:122,21,1,24
BRDA:133,22,0,0
BRDA:133,22,1,787
BRDA:135,23,0,787
BRDA:135,23,1,0
BRDA:136,24,0,185
BRDA:136,24,1,602
BRDA:136,25,0,787
BRDA:136,25,1,787
BRDA:136,26,0,0
BRDA:136,26,1,787
BRDA:136,27,0,787
BRDA:136,27,1,787
BRDA:139,28,0,0
BRDA:139,28,1,62
BRDA:139,29,0,62
BRDA:139,29,1,62
BRDA:147,30,0,0
BRDA:147,30,1,0
BRDA:150,31,0,0
BRDA:150,31,1,0
BRDA:150,32,0,0
BRDA:150,32,1,0
BRDA:151,33,0,0
BRDA:151,33,1,0
BRDA:152,34,0,0
BRDA:152,34,1,0
BRDA:155,35,0,0
BRDA:155,35,1,0
BRDA:155,36,0,0
BRDA:155,36,1,0
BRDA:156,37,0,0
BRDA:156,37,1,0
BRDA:156,38,0,0
BRDA:156,38,1,0
BRDA:157,39,0,0
BRDA:157,39,1,0
BRDA:157,40,0,0
BRDA:157,40,1,0
BRDA:158,41,0,0
BRDA:158,41,1,0
BRDA:160,42,0,0
BRDA:160,42,1,0
BRDA:160,43,0,0
BRDA:160,43,1,0
BRDA:178,44,0,0
BRDA:178,44,1,0
BRDA:182,45,0,0
BRDA:182,45,1,0
BRDA:182,46,0,0
BRDA:182,46,1,0
BRDA:182,47,0,0
BRDA:182,47,1,0
BRDA:182,48,0,0
BRDA:182,48,1,0
BRDA:185,49,0,120
BRDA:185,49,1,0
BRDA:193,50,0,0
BRDA:193,50,1,0
BRDA:194,51,0,0
BRDA:194,51,1,0
BRDA:194,52,0,0
BRDA:194,52,1,0
BRDA:194,52,2,0
BRF:105
BRH:51
end_of_record
TN:
SF:/Users/baidu/www/jpui/build/src/List.jsx.js
FN:1,(anonymous_1)
FN:8,getDefaultProps
FN:20,getInitialState
FN:23,render
FN:30,(anonymous_5)
FNF:5
FNH:5
FNDA:1,(anonymous_1)
FNDA:1,getDefaultProps
FNDA:8,getInitialState
FNDA:10,render
FNDA:1,(anonymous_5)
DA:1,2
DA:2,1
DA:3,1
DA:4,1
DA:5,1
DA:6,1
DA:9,1
DA:21,8
DA:24,10
DA:30,2
DA:31,1
LF:11
LH:11
BRF:0
BRH:0
end_of_record
TN:
SF:/Users/baidu/www/jpui/build/src/Pager.jsx.js
FN:1,(anonymous_1)
FN:9,getDefaultProps
FN:22,getInitialState
FN:25,onButtonClick
FN:42,onPagerChange
FN:45,render
FN:53,(anonymous_7)
FNF:7
FNH:6
FNDA:1,(anonymous_1)
FNDA:1,getDefaultProps
FNDA:4,getInitialState
FNDA:3,onButtonClick
FNDA:0,onPagerChange
FNDA:7,render
FNDA:1,(anonymous_7)
DA:1,1
DA:2,1
DA:3,1
DA:4,1
DA:5,1
DA:6,1
DA:10,1
DA:23,4
DA:26,3
DA:27,3
DA:28,3
DA:29,3
DA:30,3
DA:31,3
DA:32,3
DA:33,3
DA:34,3
DA:35,3
DA:36,3
DA:37,3
DA:38,3
DA:39,3
DA:40,3
DA:43,0
DA:46,7
DA:47,7
DA:53,1
DA:54,1
LF:28
LH:27
BRDA:29,1,0,0
BRDA:29,1,1,3
BRDA:31,2,0,0
BRDA:31,2,1,3
BRDA:31,3,0,3
BRDA:31,3,1,3
BRDA:33,4,0,1
BRDA:33,4,1,2
BRDA:34,5,0,1
BRDA:34,5,1,2
BRDA:36,6,0,0
BRDA:36,6,1,3
BRDA:37,7,0,0
BRDA:37,7,1,3
BRF:14
BRH:10
end_of_record
TN:
SF:/Users/baidu/www/jpui/build/src/Tip.jsx.js
FN:1,(anonymous_1)
FN:8,getDefaultProps
FN:25,getInitialState
FN:32,onMouseEnter
FN:45,(anonymous_5)
FN:60,onMouseLeave
FN:64,offsetLayerPosition
FN:73,render
FN:105,(anonymous_9)
FNF:9
FNH:8
FNDA:1,(anonymous_1)
FNDA:1,getDefaultProps
FNDA:29,getInitialState
FNDA:1,onMouseEnter
FNDA:0,(anonymous_5)
FNDA:1,onMouseLeave
FNDA:4,offsetLayerPosition
FNDA:62,render
FNDA:1,(anonymous_9)
DA:1,1
DA:2,1
DA:3,1
DA:4,1
DA:5,1
DA:6,1
DA:9,1
DA:26,29
DA:33,1
DA:34,0
DA:35,0
DA:36,0
DA:41,0
DA:43,0
DA:44,0
DA:45,0
DA:46,0
DA:52,0
DA:55,1
DA:61,1
DA:62,1
DA:65,4
DA:66,2
DA:67,2
DA:69,2
DA:70,2
DA:71,2
DA:74,62
DA:81,62
DA:82,62
DA:83,62
DA:84,62
DA:93,62
DA:94,62
DA:95,62
DA:96,62
DA:105,1
DA:106,1
LF:38
LH:29
BRDA:33,1,0,0
BRDA:33,1,1,1
BRDA:33,2,0,1
BRDA:33,2,1,0
BRDA:35,3,0,0
BRDA:35,3,1,0
BRDA:35,4,0,0
BRDA:35,4,1,0
BRDA:43,5,0,0
BRDA:43,5,1,0
BRDA:43,6,0,0
BRDA:43,6,1,0
BRDA:47,7,0,0
BRDA:47,7,1,0
BRDA:47,8,0,0
BRDA:47,8,1,0
BRDA:65,9,0,2
BRDA:65,9,1,2
BRDA:69,10,0,0
BRDA:69,10,1,2
BRDA:70,11,0,1
BRDA:70,11,1,1
BRDA:71,12,0,1
BRDA:71,12,1,1
BRDA:79,13,0,1
BRDA:79,13,1,61
BRDA:79,14,0,62
BRDA:79,14,1,61
BRDA:81,15,0,0
BRDA:81,15,1,62
BRDA:81,16,0,1
BRDA:81,16,1,61
BRDA:83,17,0,62
BRDA:83,17,1,0
BRDA:86,18,0,62
BRDA:86,18,1,2
BRDA:86,18,2,2
BRDA:86,18,3,0
BRDA:91,19,0,0
BRDA:91,19,1,62
BRDA:94,20,0,0
BRDA:94,20,1,62
BRDA:95,21,0,0
BRDA:95,21,1,62
BRDA:96,22,0,0
BRDA:96,22,1,62
BRDA:96,23,0,1
BRDA:96,23,1,61
BRDA:96,24,0,1
BRDA:96,24,1,61
BRF:50
BRH:28
end_of_record
TN:
SF:/Users/baidu/www/jpui/build/src/Tree.jsx.js
FN:1,(anonymous_1)
FN:10,getDefaultProps
FN:22,getInitialState
FN:25,render
FN:33,(anonymous_5)
FNF:5
FNH:5
FNDA:1,(anonymous_1)
FNDA:1,getDefaultProps
FNDA:26,getInitialState
FNDA:86,render
FNDA:1,(anonymous_5)
DA:1,1
DA:2,1
DA:3,1
DA:4,1
DA:5,1
DA:6,1
DA:7,1
DA:11,1
DA:23,26
DA:26,86
DA:27,86
DA:33,1
DA:34,1
LF:13
LH:13
BRF:0
BRH:0
end_of_record
TN:
SF:/Users/baidu/www/jpui/build/src/core/componentTools.js
FN:4,(anonymous_1)
FN:16,(anonymous_2)
FN:23,(anonymous_3)
FN:24,(anonymous_4)
FN:32,(anonymous_5)
FN:34,(anonymous_6)
FN:35,(anonymous_7)
FN:44,(anonymous_8)
FN:105,(anonymous_9)
FNF:9
FNH:9
FNDA:1,(anonymous_1)
FNDA:243,(anonymous_2)
FNDA:19,(anonymous_3)
FNDA:5,(anonymous_4)
FNDA:32,(anonymous_5)
FNDA:5,(anonymous_6)
FNDA:5,(anonymous_7)
FNDA:4342,(anonymous_8)
FNDA:1,(anonymous_9)
DA:1,2
DA:5,1
DA:6,1
DA:14,1
DA:17,243
DA:18,203
DA:19,40
DA:20,0
DA:21,40
DA:24,19
DA:25,5
DA:26,0
DA:27,5
DA:28,5
DA:29,5
DA:33,32
DA:34,32
DA:35,5
DA:36,5
DA:37,1
DA:38,4
DA:39,4
DA:40,4
DA:45,4342
DA:50,4342
DA:51,4342
DA:52,4342
DA:53,0
DA:56,4342
DA:57,4342
DA:58,4342
DA:59,4342
DA:60,2
DA:61,4340
DA:62,1025
DA:64,4342
DA:65,4342
DA:66,4342
DA:67,2811
DA:68,11244
DA:69,11244
DA:70,11244
DA:74,4342
DA:75,2934
DA:76,8625
DA:77,8625
DA:81,4342
DA:82,565
DA:83,574
DA:84,448
DA:88,4342
DA:89,26052
DA:90,26052
DA:91,100
DA:94,4342
DA:95,18
DA:96,18
DA:98,4342
DA:105,2
LF:59
LH:56
BRDA:17,1,0,203
BRDA:17,1,1,40
BRDA:19,2,0,0
BRDA:19,2,1,40
BRDA:19,3,0,40
BRDA:19,3,1,16
BRDA:25,4,0,0
BRDA:25,4,1,5
BRDA:33,5,0,32
BRDA:33,5,1,32
BRDA:36,6,0,1
BRDA:36,6,1,4
BRDA:36,7,0,5
BRDA:36,7,1,4
BRDA:36,7,2,4
BRDA:51,8,0,0
BRDA:51,8,1,4342
BRDA:52,9,0,0
BRDA:52,9,1,4342
BRDA:57,10,0,2842
BRDA:57,10,1,1500
BRDA:57,11,0,4342
BRDA:57,11,1,4342
BRDA:58,12,0,64
BRDA:58,12,1,4278
BRDA:58,13,0,4342
BRDA:58,13,1,4342
BRDA:59,14,0,2
BRDA:59,14,1,4340
BRDA:61,15,0,1025
BRDA:61,15,1,3315
BRDA:65,16,0,4342
BRDA:65,16,1,844
BRDA:66,17,0,2811
BRDA:66,17,1,1531
BRDA:69,18,0,11244
BRDA:69,18,1,0
BRDA:69,19,0,11244
BRDA:69,19,1,11244
BRDA:74,20,0,2934
BRDA:74,20,1,1408
BRDA:76,21,0,8625
BRDA:76,21,1,0
BRDA:76,22,0,8625
BRDA:76,22,1,8625
BRDA:81,23,0,565
BRDA:81,23,1,3777
BRDA:83,24,0,448
BRDA:83,24,1,126
BRDA:83,25,0,574
BRDA:83,25,1,574
BRDA:90,26,0,100
BRDA:90,26,1,25952
BRDA:90,27,0,26052
BRDA:90,27,1,25876
BRDA:94,28,0,18
BRDA:94,28,1,4324
BRDA:94,29,0,4342
BRDA:94,29,1,2933
BRDA:94,29,2,2915
BRF:60
BRH:54
end_of_record
TN:
SF:/Users/baidu/www/jpui/build/src/AlphabetRegion.jsx.js
FN:1,(anonymous_1)
FN:7,getDefaultProps
FN:16,getInitialState
FN:19,onRegionClick
FN:26,onAnchorClick
FN:33,render
FN:51,(anonymous_7)
FNF:7
FNH:7
FNDA:1,(anonymous_1)
FNDA:1,getDefaultProps
FNDA:3,getInitialState
FNDA:2,onRegionClick
FNDA:2,onAnchorClick
FNDA:3,render
FNDA:1,(anonymous_7)
DA:1,1
DA:2,1
DA:3,1
DA:4,1
DA:5,1
DA:6,1
DA:8,1
DA:17,3
DA:20,2
DA:21,2
DA:22,1
DA:23,1
DA:24,1
DA:27,2
DA:28,2
DA:29,1
DA:30,1
DA:31,1
DA:34,3
DA:35,3
DA:41,3
DA:42,3
DA:51,1
DA:52,1
LF:24
LH:24
BRDA:21,1,0,1
BRDA:21,1,1,1
BRDA:21,2,0,2
BRDA:21,2,1,2
BRDA:24,3,0,1
BRDA:24,3,1,1
BRDA:28,4,0,1
BRDA:28,4,1,1
BRDA:28,5,0,2
BRDA:28,5,1,2
BRDA:30,6,0,0
BRDA:30,6,1,1
BRF:12
BRH:11
end_of_record
TN:
SF:/Users/baidu/www/jpui/build/src/WarningLayer.jsx.js
FN:1,(anonymous_1)
FN:12,(anonymous_2)
FN:45,getDefaultProps
FN:58,getInitialState
FN:61,onClick
FN:64,onLayerOffset
FN:97,render
FN:115,(anonymous_8)
FNF:8
FNH:5
FNDA:0,(anonymous_1)
FNDA:1,(anonymous_2)
FNDA:1,getDefaultProps
FNDA:4,getInitialState
FNDA:0,onClick
FNDA:0,onLayerOffset
FNDA:14,render
FNDA:1,(anonymous_8)
DA:1,1
DA:2,0
DA:3,0
DA:4,0
DA:5,0
DA:6,0
DA:10,0
DA:12,1
DA:13,1
DA:14,1
DA:15,1
DA:16,1
DA:17,1
DA:30,1
DA:43,1
DA:46,1
DA:59,4
DA:62,0
DA:65,0
DA:66,0
DA:67,0
DA:68,0
DA:72,0
DA:73,0
DA:77,0
DA:78,0
DA:81,0
DA:82,0
DA:85,0
DA:86,0
DA:88,0
DA:90,0
DA:91,0
DA:92,0
DA:93,0
DA:95,0
DA:98,14
DA:106,14
DA:115,1
DA:116,1
LF:40
LH:15
BRDA:1,1,0,1
BRDA:1,1,1,1
BRDA:5,2,0,0
BRDA:5,2,1,0
BRDA:62,3,0,0
BRDA:62,3,1,0
BRDA:67,4,0,0
BRDA:67,4,1,0
BRDA:68,5,0,0
BRDA:68,5,1,0
BRDA:68,5,2,0
BRDA:68,5,3,0
BRDA:68,5,4,0
BRDA:68,5,5,0
BRDA:68,5,6,0
BRDA:68,5,7,0
BRDA:68,5,8,0
BRDA:68,5,9,0
BRDA:68,5,10,0
BRDA:90,6,0,0
BRDA:90,6,1,0
BRDA:91,7,0,0
BRDA:91,7,1,0
BRDA:95,8,0,0
BRDA:95,8,1,0
BRDA:99,9,0,0
BRDA:99,9,1,14
BRDA:99,10,0,14
BRDA:99,10,1,0
BRDA:100,11,0,14
BRDA:100,11,1,14
BRF:31
BRH:6
end_of_record
TN:
SF:/Users/baidu/www/jpui/build/src/Wizard.jsx.js
FN:1,(anonymous_1)
FN:10,getDefaultProps
FN:20,getInitialState
FN:23,onClick
FN:30,render
FN:37,(anonymous_6)
FNF:6
FNH:6
FNDA:1,(anonymous_1)
FNDA:1,getDefaultProps
FNDA:4,getInitialState
FNDA:6,onClick
FNDA:7,render
FNDA:1,(anonymous_6)
DA:1,1
DA:2,1
DA:3,1
DA:4,1
DA:5,1
DA:6,1
DA:7,1
DA:11,1
DA:21,4
DA:24,6
DA:25,3
DA:26,3
DA:27,3
DA:28,3
DA:31,7
DA:37,1
DA:38,1
LF:17
LH:17
BRDA:24,1,0,3
BRDA:24,1,1,3
BRF:2
BRH:2
end_of_record
TN:
SF:/Users/baidu/www/jpui/build/src/enterprise/DualTreeSelector.jsx.js
FN:1,(anonymous_1)
FN:27,getDefaultProps
FN:47,getInitialState
FN:54,componentWillReceiveProps
FN:59,onTreeChange
FN:62,onTreeAction
FN:68,onDropDownTreeChange
FN:74,onLayerRender
FN:77,onLayerEnter
FN:95,onLayerClose
FN:109,onBeforeLayerClose
FN:113,appendAll
FN:125,appendLeaf
FN:139,deleteAll
FN:153,render
FN:194,mainContentFactory
FN:228,(anonymous_17)
FNF:17
FNH:17
FNDA:1,(anonymous_1)
FNDA:1,getDefaultProps
FNDA:5,getInitialState
FNDA:1,componentWillReceiveProps
FNDA:1,onTreeChange
FNDA:1,onTreeAction
FNDA:4,onDropDownTreeChange
FNDA:5,onLayerRender
FNDA:1,onLayerEnter
FNDA:2,onLayerClose
FNDA:1,onBeforeLayerClose
FNDA:2,appendAll
FNDA:4,appendLeaf
FNDA:2,deleteAll
FNDA:24,render
FNDA:24,mainContentFactory
FNDA:1,(anonymous_17)
DA:1,1
DA:2,1
DA:3,1
DA:4,1
DA:5,1
DA:6,1
DA:7,1
DA:8,1
DA:9,1
DA:10,1
DA:11,1
DA:12,1
DA:13,1
DA:24,1
DA:28,1
DA:48,5
DA:55,1
DA:56,1
DA:60,1
DA:63,1
DA:64,1
DA:66,1
DA:69,4
DA:75,5
DA:78,1
DA:79,1
DA:80,1
DA:81,1
DA:82,1
DA:84,1
DA:85,1
DA:86,1
DA:87,1
DA:88,1
DA:89,1
DA:96,2
DA:97,2
DA:98,2
DA:99,2
DA:100,2
DA:102,2
DA:103,2
DA:110,1
DA:111,1
DA:114,2
DA:115,2
DA:116,2
DA:117,2
DA:118,1
DA:123,1
DA:125,1
DA:126,4
DA:127,10
DA:128,10
DA:129,10
DA:130,8
DA:131,8
DA:133,2
DA:134,2
DA:140,2
DA:141,2
DA:142,2
DA:143,2
DA:144,2
DA:145,1
DA:150,1
DA:154,24
DA:155,17
DA:159,17
DA:160,17
DA:175,17
DA:176,0
DA:178,17
DA:184,17
DA:185,17
DA:186,17
DA:187,17
DA:194,1
DA:195,24
DA:196,24
DA:205,24
DA:206,24
DA:207,24
DA:208,24
DA:209,24
DA:211,24
DA:212,24
DA:213,24
DA:217,24
DA:228,1
DA:229,1
LF:91
LH:90
BRDA:55,1,0,1
BRDA:55,1,1,0
BRDA:55,2,0,1
BRDA:55,2,1,1
BRDA:55,2,2,1
BRDA:55,2,3,1
BRDA:55,3,0,1
BRDA:55,3,1,1
BRDA:55,4,0,1
BRDA:55,4,1,0
BRDA:55,5,0,1
BRDA:55,5,1,1
BRDA:63,6,0,1
BRDA:63,6,1,0
BRDA:66,7,0,1
BRDA:66,7,1,1
BRDA:81,8,0,1
BRDA:81,8,1,0
BRDA:82,9,0,0
BRDA:82,9,1,1
BRDA:87,10,0,1
BRDA:87,10,1,0
BRDA:88,11,0,1
BRDA:88,11,1,1
BRDA:98,12,0,2
BRDA:98,12,1,0
BRDA:99,13,0,1
BRDA:99,13,1,1
BRDA:102,14,0,2
BRDA:102,14,1,2
BRDA:111,15,0,1
BRDA:111,15,1,1
BRDA:117,16,0,1
BRDA:117,16,1,1
BRDA:128,17,0,0
BRDA:128,17,1,10
BRDA:129,18,0,8
BRDA:129,18,1,2
BRDA:133,19,0,2
BRDA:133,19,1,0
BRDA:133,20,0,2
BRDA:133,20,1,2
BRDA:140,21,0,1
BRDA:140,21,1,1
BRDA:141,22,0,2
BRDA:141,22,1,0
BRDA:144,23,0,1
BRDA:144,23,1,1
BRDA:154,24,0,7
BRDA:154,24,1,17
BRDA:173,25,0,0
BRDA:173,25,1,17
BRDA:175,26,0,0
BRDA:175,26,1,17
BRDA:184,27,0,0
BRDA:184,27,1,17
BRDA:184,28,0,0
BRDA:184,28,1,17
BRDA:186,29,0,11
BRDA:186,29,1,6
BRDA:187,30,0,17
BRDA:187,30,1,0
BRDA:191,31,0,0
BRDA:191,31,1,17
BRDA:191,32,0,17
BRDA:191,32,1,0
BRDA:195,33,0,17
BRDA:195,33,1,7
BRDA:202,34,0,17
BRDA:202,34,1,7
BRDA:209,35,0,24
BRDA:209,35,1,5
BRDA:211,36,0,24
BRDA:211,36,1,0
BRDA:212,37,0,0
BRDA:212,37,1,24
BRDA:212,38,0,0
BRDA:212,38,1,24
BRDA:213,39,0,17
BRDA:213,39,1,7
BRDA:217,40,0,24
BRDA:217,40,1,0
BRDA:217,41,0,24
BRDA:217,41,1,0
BRDA:217,42,0,24
BRDA:217,42,1,0
BRDA:220,43,0,24
BRDA:220,43,1,0
BRDA:220,44,0,24
BRDA:220,44,1,0
BRDA:223,45,0,24
BRDA:223,45,1,0
BRF:92
BRH:66
end_of_record
TN:
SF:/Users/baidu/www/jpui/build/src/DropDownRegion.jsx.js
FN:1,(anonymous_1)
FN:13,getDefaultProps
FN:31,regionFilter
FN:37,componentWillReceiveProps
FN:40,getInitialState
FN:47,componentDidMount
FN:52,componentWillUnmount
FN:57,onRegionChange
FN:67,onEnterClick
FN:74,onCancelClick
FN:77,onBodyClick
FN:83,onMainMouseEnter
FN:89,onMainMouseLeave
FN:92,onLayerMouseLeave
FN:96,leaving
FN:108,open
FN:111,close
FN:116,closing
FN:131,render
FN:193,(anonymous_20)
FNF:20
FNH:20
FNDA:1,(anonymous_1)
FNDA:1,getDefaultProps
FNDA:322,regionFilter
FNDA:1,componentWillReceiveProps
FNDA:12,getInitialState
FNDA:12,componentDidMount
FNDA:1,componentWillUnmount
FNDA:4,onRegionChange
FNDA:2,onEnterClick
FNDA:1,onCancelClick
FNDA:5,onBodyClick
FNDA:2,onMainMouseEnter
FNDA:1,onMainMouseLeave
FNDA:1,onLayerMouseLeave
FNDA:1,leaving
FNDA:6,open
FNDA:3,close
FNDA:3,closing
FNDA:28,render
FNDA:1,(anonymous_20)
DA:1,1
DA:2,1
DA:3,1
DA:4,1
DA:5,1
DA:6,1
DA:7,1
DA:8,1
DA:9,1
DA:10,1
DA:14,1
DA:32,322
DA:38,1
DA:41,12
DA:48,12
DA:49,12
DA:50,12
DA:53,1
DA:54,1
DA:55,1
DA:58,4
DA:59,4
DA:60,2
DA:61,1
DA:62,1
DA:64,1
DA:68,2
DA:69,1
DA:70,1
DA:71,1
DA:72,1
DA:75,1
DA:78,5
DA:79,3
DA:81,2
DA:84,2
DA:85,2
DA:86,2
DA:90,1
DA:93,1
DA:94,1
DA:95,1
DA:96,1
DA:97,1
DA:98,0
DA:99,0
DA:101,1
DA:102,0
DA:104,1
DA:105,1
DA:109,6
DA:112,3
DA:113,2
DA:114,2
DA:115,2
DA:116,1
DA:117,3
DA:118,0
DA:119,0
DA:121,3
DA:122,3
DA:124,0
DA:125,0
DA:132,28
DA:133,28
DA:134,28
DA:135,28
DA:136,28
DA:147,28
DA:148,0
DA:150,28
DA:163,28
DA:170,28
DA:174,28
DA:175,28
DA:176,28
DA:177,0
DA:179,28
DA:180,17
DA:181,11
DA:182,2
DA:184,28
DA:185,28
DA:186,28
DA:187,28
DA:193,1
DA:194,1
LF:87
LH:78
BRDA:58,1,0,2
BRDA:58,1,1,2
BRDA:59,2,0,2
BRDA:59,2,1,2
BRDA:59,3,0,4
BRDA:59,3,1,2
BRDA:60,4,0,1
BRDA:60,4,1,1
BRDA:68,5,0,1
BRDA:68,5,1,1
BRDA:78,6,0,3
BRDA:78,6,1,2
BRDA:78,7,0,5
BRDA:78,7,1,3
BRDA:78,7,2,3
BRDA:78,7,3,2
BRDA:78,7,4,2
BRDA:78,7,5,2
BRDA:85,8,0,2
BRDA:85,8,1,0
BRDA:85,9,0,2
BRDA:85,9,1,2
BRDA:97,10,0,0
BRDA:97,10,1,1
BRDA:97,11,0,1
BRDA:97,11,1,1
BRDA:101,12,0,0
BRDA:101,12,1,1
BRDA:101,13,0,1
BRDA:101,13,1,1
BRDA:112,14,0,1
BRDA:112,14,1,2
BRDA:117,15,0,0
BRDA:117,15,1,3
BRDA:117,16,0,3
BRDA:117,16,1,3
BRDA:121,17,0,3
BRDA:121,17,1,0
BRDA:121,18,0,3
BRDA:121,18,1,3
BRDA:121,18,2,3
BRDA:134,19,0,11
BRDA:134,19,1,17
BRDA:134,20,0,28
BRDA:134,20,1,11
BRDA:139,21,0,28
BRDA:139,21,1,7
BRDA:145,22,0,0
BRDA:145,22,1,28
BRDA:147,23,0,0
BRDA:147,23,1,28
BRDA:152,24,0,11
BRDA:152,24,1,17
BRDA:161,25,0,0
BRDA:161,25,1,28
BRDA:167,26,0,28
BRDA:167,26,1,1
BRDA:176,27,0,0
BRDA:176,27,1,28
BRDA:176,28,0,28
BRDA:176,28,1,0
BRDA:179,29,0,17
BRDA:179,29,1,11
BRDA:181,30,0,2
BRDA:181,30,1,9
BRDA:184,31,0,0
BRDA:184,31,1,28
BRDA:185,32,0,0
BRDA:185,32,1,28
BRDA:186,33,0,7
BRDA:186,33,1,21
BRDA:187,34,0,17
BRDA:187,34,1,11
BRDA:187,35,0,28
BRDA:187,35,1,17
BRDA:187,36,0,17
BRDA:187,36,1,11
BRDA:187,37,0,28
BRDA:187,37,1,17
BRF:79
BRH:67
end_of_record
TN:
SF:/Users/baidu/www/jpui/build/src/DropDownCalendar.jsx.js
FN:1,(anonymous_1)
FN:10,getDefaultProps
FN:24,getInitialState
FN:30,onChange
FN:36,onMouseEnter
FN:42,onMouseLeave
FN:46,render
FN:81,(anonymous_8)
FNF:8
FNH:8
FNDA:1,(anonymous_1)
FNDA:1,getDefaultProps
FNDA:2,getInitialState
FNDA:2,onChange
FNDA:1,onMouseEnter
FNDA:1,onMouseLeave
FNDA:6,render
FNDA:1,(anonymous_8)
DA:1,1
DA:2,1
DA:3,1
DA:4,1
DA:5,1
DA:6,1
DA:7,1
DA:11,1
DA:25,2
DA:31,2
DA:32,2
DA:33,1
DA:34,1
DA:37,1
DA:43,1
DA:44,1
DA:47,6
DA:48,6
DA:49,6
DA:50,6
DA:57,6
DA:63,6
DA:64,6
DA:65,6
DA:72,6
DA:73,6
DA:74,6
DA:75,6
DA:81,1
DA:82,1
LF:30
LH:30
BRDA:32,1,0,1
BRDA:32,1,1,1
BRDA:32,2,0,2
BRDA:32,2,1,2
BRDA:49,3,0,6
BRDA:49,3,1,6
BRDA:49,3,2,1
BRDA:51,4,0,6
BRDA:51,4,1,1
BRDA:55,5,0,0
BRDA:55,5,1,6
BRDA:72,6,0,0
BRDA:72,6,1,6
BRDA:73,7,0,0
BRDA:73,7,1,6
BRDA:74,8,0,1
BRDA:74,8,1,5
BRDA:75,9,0,0
BRDA:75,9,1,6
BRF:19
BRH:15
end_of_record
TN:
SF:/Users/baidu/www/jpui/build/src/Form.jsx.js
FN:1,(anonymous_1)
FN:6,getChildContext
FN:9,getDefaultProps
FN:13,onSubmit
FN:14,onFieldChange
FN:17,getInitialState
FN:20,componentWillMount
FN:23,onFormKeyDown
FN:27,(anonymous_9)
FN:31,render
FN:38,attach
FN:48,detach
FN:52,updateField
FN:69,validate
FN:97,submit
FN:119,(anonymous_16)
FNF:16
FNH:12
FNDA:1,(anonymous_1)
FNDA:4,getChildContext
FNDA:1,getDefaultProps
FNDA:0,onSubmit
FNDA:0,onFieldChange
FNDA:2,getInitialState
FNDA:2,componentWillMount
FNDA:0,onFormKeyDown
FNDA:0,(anonymous_9)
FNDA:4,render
FNDA:8,attach
FNDA:4,detach
FNDA:3,updateField
FNDA:3,validate
FNDA:1,submit
FNDA:1,(anonymous_16)
DA:1,1
DA:2,1
DA:3,1
DA:4,1
DA:7,4
DA:10,1
DA:18,2
DA:21,2
DA:24,0
DA:25,0
DA:26,0
DA:27,0
DA:28,0
DA:32,4
DA:39,8
DA:40,8
DA:41,8
DA:42,2
DA:44,6
DA:45,6
DA:49,4
DA:50,4
DA:53,3
DA:54,3
DA:55,3
DA:56,3
DA:57,3
DA:58,3
DA:59,3
DA:60,3
DA:61,3
DA:62,3
DA:70,3
DA:71,3
DA:72,3
DA:73,3
DA:74,3
DA:75,3
DA:76,9
DA:77,9
DA:78,9
DA:79,9
DA:81,3
DA:82,3
DA:83,3
DA:84,3
DA:85,3
DA:86,3
DA:87,0
DA:88,0
DA:90,3
DA:98,1
DA:99,1
DA:100,1
DA:101,1
DA:102,1
DA:103,1
DA:109,1
DA:110,1
DA:111,1
DA:113,1
DA:119,1
DA:120,1
LF:63
LH:56
BRDA:39,1,0,0
BRDA:39,1,1,8
BRDA:39,2,0,8
BRDA:39,2,1,8
BRDA:40,3,0,4
BRDA:40,3,1,4
BRDA:41,4,0,2
BRDA:41,4,1,6
BRDA:49,5,0,2
BRDA:49,5,1,2
BRDA:56,6,0,1
BRDA:56,6,1,2
BRDA:57,7,0,1
BRDA:57,7,1,2
BRDA:58,8,0,0
BRDA:58,8,1,3
BRDA:58,9,0,3
BRDA:58,9,1,3
BRDA:79,10,0,9
BRDA:79,10,1,7
BRDA:84,11,0,0
BRDA:84,11,1,3
BRDA:86,12,0,3
BRDA:86,12,1,0
BRDA:98,13,0,1
BRDA:98,13,1,1
BRDA:99,14,0,0
BRDA:99,14,1,1
BRDA:109,15,0,1
BRDA:109,15,1,1
BRDA:110,16,0,1
BRDA:110,16,1,0
BRDA:111,17,0,1
BRDA:111,17,1,1
BRF:34
BRH:28
end_of_record
TN:
SF:/Users/baidu/www/jpui/build/src/NumberBox.jsx.js
FN:1,(anonymous_1)
FN:12,(anonymous_2)
FN:21,getDefaultProps
FN:38,getInitialState
FN:41,componentDidMount
FN:44,componentDidUpdate
FN:49,onInputBoxChange
FN:54,onInputBoxKeyDown
FN:58,onInputBoxBlur
FN:63,onSpinButtonClick
FN:70,change
FN:91,focus
FN:95,onInputBoxFocus
FN:99,render
FN:145,(anonymous_15)
FNF:15
FNH:13
FNDA:0,(anonymous_1)
FNDA:1,(anonymous_2)
FNDA:1,getDefaultProps
FNDA:40,getInitialState
FNDA:40,componentDidMount
FNDA:107,componentDidUpdate
FNDA:2,onInputBoxChange
FNDA:2,onInputBoxKeyDown
FNDA:2,onInputBoxBlur
FNDA:9,onSpinButtonClick
FNDA:6,change
FNDA:2,focus
FNDA:0,onInputBoxFocus
FNDA:147,render
FNDA:1,(anonymous_15)
DA:1,1
DA:2,0
DA:3,0
DA:4,0
DA:5,0
DA:6,0
DA:10,0
DA:12,1
DA:13,1
DA:14,1
DA:15,1
DA:16,1
DA:17,1
DA:18,1
DA:22,1
DA:39,40
DA:42,40
DA:45,107
DA:46,1
DA:47,1
DA:50,2
DA:51,1
DA:52,1
DA:55,2
DA:56,2
DA:59,2
DA:60,2
DA:61,2
DA:64,9
DA:65,3
DA:67,6
DA:68,6
DA:69,6
DA:70,1
DA:71,6
DA:72,6
DA:73,6
DA:74,6
DA:75,6
DA:76,0
DA:78,6
DA:79,0
DA:81,6
DA:82,6
DA:83,6
DA:84,6
DA:86,6
DA:87,6
DA:88,6
DA:89,6
DA:92,2
DA:93,2
DA:96,0
DA:97,0
DA:100,147
DA:101,147
DA:102,147
DA:103,147
DA:104,147
DA:105,147
DA:109,147
DA:123,147
DA:127,147
DA:128,147
DA:145,1
DA:146,1
LF:66
LH:56
BRDA:1,1,0,1
BRDA:1,1,1,1
BRDA:5,2,0,0
BRDA:5,2,1,0
BRDA:45,3,0,106
BRDA:45,3,1,1
BRDA:46,4,0,1
BRDA:46,4,1,0
BRDA:50,5,0,1
BRDA:50,5,1,1
BRDA:61,6,0,2
BRDA:61,6,1,0
BRDA:64,7,0,3
BRDA:64,7,1,6
BRDA:64,8,0,9
BRDA:64,8,1,6
BRDA:64,8,2,6
BRDA:68,9,0,5
BRDA:68,9,1,1
BRDA:75,10,0,0
BRDA:75,10,1,6
BRDA:78,11,0,0
BRDA:78,11,1,6
BRDA:97,12,0,0
BRDA:97,12,1,0
BRDA:103,13,0,0
BRDA:103,13,1,147
BRDA:107,14,0,9
BRDA:107,14,1,138
BRDA:114,15,0,0
BRDA:114,15,1,147
BRDA:116,16,0,0
BRDA:116,16,1,147
BRDA:125,17,0,0
BRDA:125,17,1,147
BRDA:127,18,0,0
BRDA:127,18,1,147
BRDA:127,19,0,126
BRDA:127,19,1,21
BRF:39
BRH:26
end_of_record
TN:
SF:/Users/baidu/www/jpui/build/src/Radio.jsx.js
FN:1,(anonymous_1)
FN:8,getDefaultProps
FN:21,componentWillReceiveProps
FN:26,getInitialState
FN:29,onClick
FN:36,render
FN:62,(anonymous_7)
FNF:7
FNH:7
FNDA:1,(anonymous_1)
FNDA:1,getDefaultProps
FNDA:142,componentWillReceiveProps
FNDA:190,getInitialState
FNDA:5,onClick
FNDA:340,render
FNDA:1,(anonymous_7)
DA:1,1
DA:2,1
DA:3,1
DA:4,1
DA:5,1
DA:9,1
DA:22,142
DA:23,3
DA:27,190
DA:30,5
DA:31,4
DA:32,4
DA:33,4
DA:34,4
DA:37,340
DA:38,340
DA:39,340
DA:43,340
DA:52,340
DA:56,340
DA:62,1
DA:63,1
LF:22
LH:22
BRDA:22,1,0,3
BRDA:22,1,1,139
BRDA:30,2,0,1
BRDA:30,2,1,4
BRDA:32,3,0,0
BRDA:32,3,1,4
BRDA:53,4,0,12
BRDA:53,4,1,328
BRDA:56,5,0,0
BRDA:56,5,1,340
BRDA:56,6,0,340
BRDA:56,6,1,0
BRF:12
BRH:9
end_of_record
TN:
SF:/Users/baidu/www/jpui/build/src/DualTreeSelector.jsx.js
FN:1,(anonymous_1)
FN:12,getDefaultProps
FN:25,getInitialState
FN:28,componentDidUpdate
FN:42,(anonymous_5)
FN:47,onTreeChange
FN:52,onTreeAction
FN:66,render
FN:96,(anonymous_9)
FNF:9
FNH:8
FNDA:1,(anonymous_1)
FNDA:1,getDefaultProps
FNDA:10,getInitialState
FNDA:29,componentDidUpdate
FNDA:0,(anonymous_5)
FNDA:3,onTreeChange
FNDA:4,onTreeAction
FNDA:39,render
FNDA:1,(anonymous_9)
DA:1,2
DA:2,1
DA:3,1
DA:4,1
DA:5,1
DA:6,1
DA:7,1
DA:8,1
DA:9,1
DA:13,1
DA:26,10
DA:29,29
DA:30,29
DA:31,6
DA:32,6
DA:34,23
DA:35,23
DA:36,1
DA:37,1
DA:38,1
DA:39,1
DA:40,1
DA:41,1
DA:42,1
DA:43,0
DA:48,3
DA:49,3
DA:50,3
DA:53,4
DA:54,1
DA:55,1
DA:57,3
DA:58,1
DA:60,3
DA:61,3
DA:62,3
DA:63,3
DA:64,3
DA:67,39
DA:68,39
DA:73,39
DA:81,39
DA:82,39
DA:90,39
DA:96,2
DA:97,1
LF:46
LH:45
BRDA:30,1,0,6
BRDA:30,1,1,23
BRDA:35,2,0,22
BRDA:35,2,1,1
BRDA:36,3,0,1
BRDA:36,3,1,0
BRDA:36,4,0,1
BRDA:36,4,1,0
BRDA:37,5,0,1
BRDA:37,5,1,0
BRDA:48,6,0,3
BRDA:48,6,1,0
BRDA:48,7,0,3
BRDA:48,7,1,0
BRDA:50,8,0,3
BRDA:50,8,1,3
BRDA:53,9,0,1
BRDA:53,9,1,3
BRDA:53,10,0,4
BRDA:53,10,1,1
BRDA:57,11,0,1
BRDA:57,11,1,2
BRDA:57,12,0,3
BRDA:57,12,1,3
BRDA:60,13,0,3
BRDA:60,13,1,1
BRDA:60,14,0,3
BRDA:60,14,1,1
BRDA:61,15,0,2
BRDA:61,15,1,1
BRDA:67,16,0,39
BRDA:67,16,1,8
BRDA:67,17,0,39
BRDA:67,17,1,7
BRF:34
BRH:29
end_of_record
TN:
SF:/Users/baidu/www/jpui/build/src/ComboList.jsx.js
FN:1,(anonymous_1)
FN:8,getDefaultProps
FN:18,onClick
FN:21,getInitialState
FN:24,onListClick
FN:29,onMainButtonClick
FN:36,onDropDownButtonClick
FN:41,onMouseLeave
FN:45,render
FN:84,(anonymous_10)
FNF:10
FNH:9
FNDA:1,(anonymous_1)
FNDA:1,getDefaultProps
FNDA:0,onClick
FNDA:3,getInitialState
FNDA:2,onListClick
FNDA:2,onMainButtonClick
FNDA:2,onDropDownButtonClick
FNDA:2,onMouseLeave
FNDA:7,render
FNDA:1,(anonymous_10)
DA:1,1
DA:2,1
DA:3,1
DA:4,1
DA:5,1
DA:6,1
DA:9,1
DA:22,3
DA:25,2
DA:26,1
DA:27,1
DA:30,2
DA:31,1
DA:32,1
DA:33,1
DA:34,1
DA:37,2
DA:38,1
DA:39,1
DA:42,2
DA:43,1
DA:46,7
DA:47,7
DA:54,7
DA:55,7
DA:59,7
DA:60,7
DA:67,7
DA:78,7
DA:84,1
DA:85,1
LF:31
LH:31
BRDA:25,1,0,1
BRDA:25,1,1,1
BRDA:30,2,0,1
BRDA:30,2,1,1
BRDA:37,3,0,1
BRDA:37,3,1,1
BRDA:42,4,0,1
BRDA:42,4,1,1
BRDA:54,5,0,7
BRDA:54,5,1,7
BRDA:56,6,0,1
BRDA:56,6,1,6
BRDA:56,7,0,7
BRDA:56,7,1,1
BRDA:56,7,2,1
BRDA:59,8,0,7
BRDA:59,8,1,0
BRDA:59,9,0,0
BRDA:59,9,1,7
BRDA:62,10,0,7
BRDA:62,10,1,1
BRDA:62,10,2,1
BRDA:65,11,0,0
BRDA:65,11,1,7
BRDA:78,12,0,7
BRDA:78,12,1,0
BRDA:78,13,0,7
BRDA:78,13,1,0
BRF:28
BRH:23
end_of_record
TN:
SF:/Users/baidu/www/jpui/build/src/Calendar.jsx.js
FN:1,(anonymous_1)
FN:12,getChildContext
FN:16,getDefaultProps
FN:27,getInitialState
FN:37,onDayClick
FN:44,onYearChange
FN:56,onMonthChange
FN:70,onMonthAdd
FN:87,onMonthSub
FN:104,render
FN:111,(anonymous_11)
FNF:11
FNH:11
FNDA:1,(anonymous_1)
FNDA:60,getChildContext
FNDA:1,getDefaultProps
FNDA:17,getInitialState
FNDA:6,onDayClick
FNDA:4,onYearChange
FNDA:6,onMonthChange
FNDA:5,onMonthAdd
FNDA:3,onMonthSub
FNDA:60,render
FNDA:1,(anonymous_11)
DA:1,2
DA:2,1
DA:3,1
DA:4,1
DA:5,1
DA:6,1
DA:7,1
DA:8,1
DA:9,1
DA:13,60
DA:17,1
DA:28,17
DA:29,17
DA:38,6
DA:39,5
DA:40,5
DA:41,5
DA:42,5
DA:45,4
DA:46,3
DA:47,3
DA:48,2
DA:50,3
DA:57,6
DA:58,5
DA:59,5
DA:60,4
DA:61,4
DA:62,4
DA:64,5
DA:71,5
DA:72,4
DA:73,4
DA:74,4
DA:75,4
DA:76,1
DA:77,1
DA:79,4
DA:88,3
DA:89,2
DA:90,2
DA:91,2
DA:92,2
DA:93,1
DA:94,1
DA:96,2
DA:105,60
DA:111,2
DA:112,1
LF:49
LH:49
BRDA:28,1,0,17
BRDA:28,1,1,1
BRDA:38,2,0,1
BRDA:38,2,1,5
BRDA:45,3,0,1
BRDA:45,3,1,3
BRDA:47,4,0,2
BRDA:47,4,1,1
BRDA:57,5,0,1
BRDA:57,5,1,5
BRDA:59,6,0,4
BRDA:59,6,1,1
BRDA:61,7,0,1
BRDA:61,7,1,3
BRDA:62,8,0,1
BRDA:62,8,1,3
BRDA:71,9,0,1
BRDA:71,9,1,4
BRDA:75,10,0,1
BRDA:75,10,1,3
BRDA:88,11,0,1
BRDA:88,11,1,2
BRDA:92,12,0,1
BRDA:92,12,1,1
BRDA:105,13,0,60
BRDA:105,13,1,0
BRDA:105,14,0,60
BRDA:105,14,1,0
BRF:28
BRH:26
end_of_record
TN:
SF:/Users/baidu/www/jpui/build/src/RangeCalendar.jsx.js
FN:1,(anonymous_1)
FN:12,getDefaultProps
FN:22,rangeValidator
FN:24,customizeShowRule
FN:27,getInitialState
FN:33,componentWillReceiveProps
FN:38,onMainButtonClick
FN:42,onEnterButtonClick
FN:48,onCancelButtonClick
FN:51,onShortCutClick
FN:85,onCalendarChange1
FN:94,onCalendarChange2
FN:103,render
FN:136,(anonymous_14)
FNF:14
FNH:14
FNDA:1,(anonymous_1)
FNDA:1,getDefaultProps
FNDA:2,rangeValidator
FNDA:37,customizeShowRule
FNDA:6,getInitialState
FNDA:2,componentWillReceiveProps
FNDA:10,onMainButtonClick
FNDA:5,onEnterButtonClick
FNDA:9,onCancelButtonClick
FNDA:6,onShortCutClick
FNDA:1,onCalendarChange1
FNDA:1,onCalendarChange2
FNDA:37,render
FNDA:1,(anonymous_14)
DA:1,1
DA:2,1
DA:3,1
DA:4,1
DA:5,1
DA:6,1
DA:7,1
DA:8,1
DA:9,1
DA:13,1
DA:28,6
DA:29,6
DA:30,6
DA:31,6
DA:34,2
DA:35,2
DA:36,2
DA:39,10
DA:40,9
DA:43,5
DA:44,5
DA:45,5
DA:46,5
DA:49,9
DA:52,6
DA:53,6
DA:54,6
DA:55,5
DA:56,5
DA:57,5
DA:58,1
DA:59,1
DA:60,1
DA:62,5
DA:63,5
DA:64,5
DA:65,3
DA:66,3
DA:67,3
DA:68,3
DA:69,3
DA:70,3
DA:71,3
DA:77,3
DA:83,3
DA:86,1
DA:87,1
DA:88,1
DA:95,1
DA:96,1
DA:97,1
DA:104,37
DA:105,37
DA:109,37
DA:110,37
DA:111,37
DA:120,37
DA:127,37
DA:128,37
DA:129,37
DA:130,37
DA:136,1
DA:137,1
LF:63
LH:63
BRDA:39,1,0,1
BRDA:39,1,1,9
BRDA:54,2,0,1
BRDA:54,2,1,5
BRDA:54,3,0,6
BRDA:54,3,1,5
BRDA:54,3,2,5
BRDA:55,4,0,5
BRDA:55,4,1,1
BRDA:56,5,0,5
BRDA:56,5,1,1
BRDA:57,6,0,1
BRDA:57,6,1,4
BRDA:64,7,0,2
BRDA:64,7,1,3
BRDA:64,8,0,5
BRDA:64,8,1,4
BRDA:65,9,0,1
BRDA:65,9,1,2
BRDA:66,10,0,1
BRDA:66,10,1,2
BRDA:70,11,0,2
BRDA:70,11,1,1
BRDA:91,12,0,1
BRDA:91,12,1,0
BRDA:100,13,0,1
BRDA:100,13,1,0
BRDA:109,14,0,37
BRDA:109,14,1,37
BRDA:109,14,2,4
BRDA:113,15,0,37
BRDA:113,15,1,14
BRDA:118,16,0,0
BRDA:118,16,1,37
BRDA:127,17,0,0
BRDA:127,17,1,37
BRDA:128,18,0,0
BRDA:128,18,1,37
BRDA:129,19,0,14
BRDA:129,19,1,23
BRF:40
BRH:35
end_of_record
TN:
SF:/Users/baidu/www/jpui/build/src/core/calendarTools.js
FN:4,(anonymous_1)
FN:7,(anonymous_2)
FN:23,(anonymous_3)
FN:42,(anonymous_4)
FN:48,(anonymous_5)
FN:58,(anonymous_6)
FN:61,(anonymous_7)
FN:69,(anonymous_8)
FN:77,(anonymous_9)
FN:86,(anonymous_10)
FN:95,(anonymous_11)
FN:106,(anonymous_12)
FN:116,(anonymous_13)
FN:126,(anonymous_14)
FN:136,(anonymous_15)
FN:145,(anonymous_16)
FN:156,(anonymous_17)
FN:223,getSimpleModeValue
FN:251,(anonymous_19)
FNF:19
FNH:18
FNDA:1,(anonymous_1)
FNDA:8,(anonymous_2)
FNDA:592,(anonymous_3)
FNDA:5533,(anonymous_4)
FNDA:38,(anonymous_5)
FNDA:50,(anonymous_6)
FNDA:14,(anonymous_7)
FNDA:14,(anonymous_8)
FNDA:12,(anonymous_9)
FNDA:12,(anonymous_10)
FNDA:12,(anonymous_11)
FNDA:12,(anonymous_12)
FNDA:12,(anonymous_13)
FNDA:12,(anonymous_14)
FNDA:12,(anonymous_15)
FNDA:12,(anonymous_16)
FNDA:12,(anonymous_17)
FNDA:0,getSimpleModeValue
FNDA:1,(anonymous_19)
DA:1,2
DA:5,1
DA:6,1
DA:8,8
DA:9,8
DA:10,8
DA:11,8
DA:12,0
DA:13,0
DA:14,0
DA:16,8
DA:24,592
DA:25,40
DA:26,552
DA:27,552
DA:28,0
DA:30,552
DA:31,552
DA:32,552
DA:33,552
DA:34,552
DA:35,552
DA:36,552
DA:37,552
DA:38,552
DA:39,552
DA:40,552
DA:43,5533
DA:44,77
DA:46,5456
DA:49,38
DA:50,38
DA:51,38
DA:52,1126
DA:53,1126
DA:55,38
DA:56,38
DA:59,50
DA:62,14
DA:63,14
DA:64,14
DA:65,14
DA:66,14
DA:70,14
DA:71,14
DA:72,14
DA:78,12
DA:79,12
DA:80,12
DA:81,12
DA:87,12
DA:88,12
DA:89,12
DA:90,12
DA:96,12
DA:97,12
DA:98,12
DA:99,12
DA:100,12
DA:101,12
DA:107,12
DA:108,12
DA:109,12
DA:110,12
DA:111,12
DA:117,12
DA:118,12
DA:119,12
DA:120,12
DA:121,12
DA:127,12
DA:128,12
DA:129,12
DA:130,12
DA:131,12
DA:137,12
DA:138,12
DA:139,12
DA:140,12
DA:146,12
DA:147,12
DA:148,12
DA:149,12
DA:150,12
DA:151,12
DA:157,12
DA:158,12
DA:159,12
DA:173,12
DA:179,12
DA:197,12
DA:212,12
DA:213,12
DA:214,12
DA:215,12
DA:216,12
DA:217,12
DA:224,0
DA:225,0
DA:226,0
DA:228,0
DA:229,0
DA:230,0
DA:231,0
DA:232,0
DA:233,0
DA:234,0
DA:235,0
DA:237,0
DA:238,0
DA:240,0
DA:241,0
DA:243,0
DA:246,1
DA:251,2
LF:115
LH:95
BRDA:9,1,0,8
BRDA:9,1,1,2
BRDA:10,2,0,8
BRDA:10,2,1,2
BRDA:11,3,0,0
BRDA:11,3,1,8
BRDA:24,4,0,40
BRDA:24,4,1,552
BRDA:24,5,0,592
BRDA:24,5,1,576
BRDA:24,5,2,555
BRDA:27,6,0,0
BRDA:27,6,1,552
BRDA:27,7,0,552
BRDA:27,7,1,552
BRDA:27,7,2,552
BRDA:27,7,3,552
BRDA:43,8,0,77
BRDA:43,8,1,5456
BRDA:43,9,0,5533
BRDA:43,9,1,2332
BRDA:43,9,2,2301
BRDA:46,10,0,2553
BRDA:46,10,1,2903
BRDA:51,11,0,1164
BRDA:51,11,1,1126
BRDA:66,12,0,14
BRDA:66,12,1,14
BRDA:97,13,0,0
BRDA:97,13,1,12
BRDA:157,14,0,12
BRDA:157,14,1,12
BRDA:224,15,0,0
BRDA:224,15,1,0
BRDA:232,16,0,0
BRDA:232,16,1,0
BRDA:233,17,0,0
BRDA:233,17,1,0
BRDA:234,18,0,0
BRDA:234,18,1,0
BRDA:237,19,0,0
BRDA:237,19,1,0
BRDA:240,20,0,0
BRDA:240,20,1,0
BRF:44
BRH:29
end_of_record
TN:
SF:/Users/baidu/www/jpui/build/src/Region.jsx.js
FN:1,(anonymous_1)
FN:11,getDefaultProps
FN:23,regionFilter
FN:29,getInitialState
FN:32,componentDidMount
FN:35,onRegionChange
FN:52,render
FN:59,(anonymous_8)
FNF:8
FNH:8
FNDA:1,(anonymous_1)
FNDA:1,getDefaultProps
FNDA:414,regionFilter
FNDA:10,getInitialState
FNDA:10,componentDidMount
FNDA:6,onRegionChange
FNDA:16,render
FNDA:1,(anonymous_8)
DA:1,2
DA:2,1
DA:3,1
DA:4,1
DA:5,1
DA:6,1
DA:7,1
DA:8,1
DA:9,1
DA:12,1
DA:24,414
DA:30,10
DA:33,10
DA:36,6
DA:37,5
DA:38,5
DA:39,5
DA:40,2
DA:42,3
DA:43,2
DA:45,1
DA:48,5
DA:49,5
DA:50,5
DA:53,16
DA:59,2
DA:60,1
LF:27
LH:27
BRDA:36,1,0,1
BRDA:36,1,1,5
BRDA:38,2,0,2
BRDA:38,2,1,3
BRDA:39,3,0,2
BRDA:39,3,1,3
BRDA:42,4,0,2
BRDA:42,4,1,1
BRF:8
BRH:8
end_of_record
TN:
SF:/Users/baidu/www/jpui/build/src/Schedule.jsx.js
FN:1,(anonymous_1)
FN:12,(anonymous_2)
FN:25,getDefaultProps
FN:42,getInitialState
FN:51,onOptMouseMove
FN:61,onOptMouseOut
FN:73,onDragStart
FN:83,onDrag
FN:89,onDrop
FN:109,onSelectRow
FN:120,onSelectColumn
FN:131,updateValue
FN:136,render
FN:153,onOffset
FN:178,(anonymous_15)
FNF:15
FNH:13
FNDA:0,(anonymous_1)
FNDA:1,(anonymous_2)
FNDA:1,getDefaultProps
FNDA:5,getInitialState
FNDA:6,onOptMouseMove
FNDA:2,onOptMouseOut
FNDA:2,onDragStart
FNDA:5,onDrag
FNDA:2,onDrop
FNDA:1,onSelectRow
FNDA:1,onSelectColumn
FNDA:2,updateValue
FNDA:19,render
FNDA:0,onOffset
FNDA:1,(anonymous_15)
DA:1,1
DA:2,0
DA:3,0
DA:4,0
DA:5,0
DA:6,0
DA:10,0
DA:12,1
DA:13,1
DA:14,1
DA:15,1
DA:16,1
DA:17,1
DA:18,1
DA:19,1
DA:20,1
DA:21,1
DA:22,1
DA:23,1
DA:26,1
DA:43,5
DA:52,6
DA:53,3
DA:55,3
DA:56,3
DA:62,2
DA:63,1
DA:65,1
DA:74,2
DA:75,1
DA:76,1
DA:81,1
DA:84,5
DA:90,2
DA:91,1
DA:92,1
DA:97,1
DA:98,1
DA:99,1
DA:100,1
DA:107,1
DA:110,1
DA:111,1
DA:112,1
DA:121,1
DA:122,1
DA:123,1
DA:132,2
DA:133,2
DA:134,2
DA:137,19
DA:138,19
DA:143,19
DA:148,19
DA:154,0
DA:157,19
DA:162,19
DA:167,19
DA:168,19
DA:169,19
DA:178,1
DA:179,1
LF:62
LH:55
BRDA:1,1,0,1
BRDA:1,1,1,1
BRDA:5,2,0,0
BRDA:5,2,1,0
BRDA:52,3,0,3
BRDA:52,3,1,3
BRDA:52,4,0,6
BRDA:52,4,1,3
BRDA:62,5,0,1
BRDA:62,5,1,1
BRDA:62,6,0,2
BRDA:62,6,1,1
BRDA:74,7,0,1
BRDA:74,7,1,1
BRDA:90,8,0,1
BRDA:90,8,1,1
BRDA:92,9,0,1
BRDA:92,9,1,1
BRDA:97,10,0,0
BRDA:97,10,1,1
BRDA:118,11,0,1
BRDA:118,11,1,0
BRDA:129,12,0,1
BRDA:129,12,1,0
BRDA:132,13,0,0
BRDA:132,13,1,2
BRDA:145,14,0,6
BRDA:145,14,1,13
BRDA:150,15,0,19
BRDA:150,15,1,3
BRDA:154,16,0,0
BRDA:154,16,1,0
BRDA:154,17,0,0
BRDA:154,17,1,0
BRDA:167,18,0,19
BRDA:167,18,1,0
BRDA:168,19,0,19
BRDA:168,19,1,0
BRDA:172,20,0,0
BRDA:172,20,1,19
BRDA:172,21,0,0
BRDA:172,21,1,19
BRF:42
BRH:28
end_of_record
TN:
SF:/Users/baidu/www/jpui/build/src/CheckBox.jsx.js
FN:1,(anonymous_1)
FN:8,getDefaultProps
FN:23,getInitialState
FN:26,componentDidMount
FN:30,componentDidUpdate
FN:34,onClick
FN:40,onChange
FN:44,render
FN:72,(anonymous_9)
FNF:9
FNH:9
FNDA:1,(anonymous_1)
FNDA:1,getDefaultProps
FNDA:337,getInitialState
FNDA:337,componentDidMount
FNDA:208,componentDidUpdate
FNDA:5,onClick
FNDA:7,onChange
FNDA:545,render
FNDA:1,(anonymous_9)
DA:1,1
DA:2,1
DA:3,1
DA:4,1
DA:5,1
DA:9,1
DA:24,337
DA:27,337
DA:28,337
DA:31,208
DA:32,208
DA:35,5
DA:36,3
DA:37,3
DA:38,3
DA:41,7
DA:42,5
DA:45,545
DA:46,545
DA:47,0
DA:49,545
DA:50,545
DA:54,545
DA:62,545
DA:66,545
DA:72,1
DA:73,1
LF:27
LH:26
BRDA:28,1,0,337
BRDA:28,1,1,312
BRDA:32,2,0,208
BRDA:32,2,1,158
BRDA:35,3,0,2
BRDA:35,3,1,3
BRDA:41,4,0,2
BRDA:41,4,1,5
BRDA:46,5,0,0
BRDA:46,5,1,545
BRDA:63,6,0,9
BRDA:63,6,1,536
BRDA:63,7,0,545
BRDA:63,7,1,470
BRDA:63,8,0,75
BRDA:63,8,1,461
BRDA:66,9,0,0
BRDA:66,9,1,545
BRDA:66,10,0,545
BRDA:66,10,1,0
BRF:20
BRH:17
end_of_record
TN:
SF:/Users/baidu/www/jpui/build/src/SearchBox.jsx.js
FN:1,(anonymous_1)
FN:10,getDefaultProps
FN:19,onClick
FN:23,getInitialState
FN:26,onButtonClick
FN:34,onClearButtonClick
FN:42,onEnterPress
FN:45,focus
FN:49,render
FN:105,(anonymous_10)
FNF:10
FNH:8
FNDA:1,(anonymous_1)
FNDA:1,getDefaultProps
FNDA:1,onClick
FNDA:3,getInitialState
FNDA:3,onButtonClick
FNDA:0,onClearButtonClick
FNDA:0,onEnterPress
FNDA:1,focus
FNDA:4,render
FNDA:1,(anonymous_10)
DA:1,1
DA:2,1
DA:3,1
DA:4,1
DA:5,1
DA:6,1
DA:7,1
DA:11,1
DA:24,3
DA:27,3
DA:28,0
DA:30,3
DA:31,3
DA:32,3
DA:35,0
DA:36,0
DA:37,0
DA:38,0
DA:39,0
DA:40,0
DA:43,0
DA:46,1
DA:47,1
DA:50,4
DA:51,4
DA:52,4
DA:53,4
DA:54,4
DA:60,4
DA:64,4
DA:65,4
DA:66,4
DA:67,0
DA:68,0
DA:70,4
DA:85,4
DA:89,4
DA:94,4
DA:99,4
DA:105,1
DA:106,1
LF:41
LH:31
BRDA:27,1,0,0
BRDA:27,1,1,3
BRDA:51,2,0,2
BRDA:51,2,1,2
BRDA:51,3,0,4
BRDA:51,3,1,4
BRDA:53,4,0,2
BRDA:53,4,1,2
BRDA:57,5,0,4
BRDA:57,5,1,0
BRDA:62,6,0,2
BRDA:62,6,1,2
BRDA:62,7,0,4
BRDA:62,7,1,2
BRDA:62,7,2,2
BRDA:66,8,0,0
BRDA:66,8,1,4
BRDA:66,9,0,4
BRDA:66,9,1,4
BRDA:66,9,2,1
BRDA:66,9,3,0
BRDA:91,10,0,0
BRDA:91,10,1,4
BRDA:99,11,0,0
BRDA:99,11,1,4
BRDA:99,12,0,4
BRDA:99,12,1,1
BRDA:99,12,2,0
BRDA:99,13,0,0
BRDA:99,13,1,4
BRDA:99,14,0,0
BRDA:99,14,1,4
BRF:32
BRH:23
end_of_record
TN:
SF:/Users/baidu/www/jpui/build/src/Slider.jsx.js
FN:1,(anonymous_1)
FN:12,(anonymous_2)
FN:23,getDefaultProps
FN:40,getInitialState
FN:46,componentDidMount
FN:49,onDragStart
FN:54,onDrag
FN:62,onDrop
FN:66,onClick
FN:72,changeValue
FN:89,render
FN:115,(anonymous_12)
FNF:12
FNH:10
FNDA:0,(anonymous_1)
FNDA:1,(anonymous_2)
FNDA:1,getDefaultProps
FNDA:3,getInitialState
FNDA:3,componentDidMount
FNDA:0,onDragStart
FNDA:1,onDrag
FNDA:2,onDrop
FNDA:3,onClick
FNDA:4,changeValue
FNDA:13,render
FNDA:1,(anonymous_12)
DA:1,1
DA:2,0
DA:3,0
DA:4,0
DA:5,0
DA:6,0
DA:10,0
DA:12,1
DA:13,1
DA:14,1
DA:15,1
DA:16,1
DA:17,1
DA:18,1
DA:19,1
DA:20,1
DA:24,1
DA:41,3
DA:47,3
DA:50,0
DA:51,0
DA:52,0
DA:55,1
DA:56,1
DA:57,1
DA:58,1
DA:59,1
DA:60,1
DA:63,2
DA:64,2
DA:67,3
DA:68,2
DA:69,2
DA:70,2
DA:73,4
DA:74,4
DA:75,4
DA:76,4
DA:77,4
DA:78,4
DA:79,4
DA:80,4
DA:81,4
DA:82,4
DA:83,4
DA:84,4
DA:85,4
DA:86,4
DA:87,4
DA:90,13
DA:91,13
DA:92,13
DA:93,13
DA:94,13
DA:100,13
DA:106,13
DA:115,1
DA:116,1
LF:58
LH:49
BRDA:1,1,0,1
BRDA:1,1,1,1
BRDA:5,2,0,0
BRDA:5,2,1,0
BRDA:50,3,0,0
BRDA:50,3,1,0
BRDA:56,4,0,1
BRDA:56,4,1,0
BRDA:57,5,0,1
BRDA:57,5,1,0
BRDA:60,6,0,1
BRDA:60,6,1,0
BRDA:67,7,0,1
BRDA:67,7,1,2
BRDA:74,8,0,2
BRDA:74,8,1,2
BRDA:75,9,0,4
BRDA:75,9,1,0
BRDA:80,10,0,0
BRDA:80,10,1,4
BRDA:82,11,0,4
BRDA:82,11,1,0
BRDA:92,12,0,0
BRDA:92,12,1,13
BRDA:93,13,0,0
BRDA:93,13,1,13
BRDA:103,14,0,0
BRDA:103,14,1,13
BRDA:104,15,0,6
BRDA:104,15,1,7
BRDA:106,16,0,0
BRDA:106,16,1,13
BRDA:106,17,0,0
BRDA:106,17,1,13
BRF:34
BRH:19
end_of_record
TN:
SF:/Users/baidu/www/jpui/build/src/Table.jsx.js
FN:1,(anonymous_1)
FN:14,getDefaultProps
FN:46,getInitialState
FN:49,componentDidMount
FN:53,componentWillUnmount
FN:56,componentDidUpdate
FN:59,onHorizontalScroll
FN:63,onHorizontalScroll1
FN:68,onRendered
FN:116,onRowSelect
FN:125,render
FN:131,normalRenderer
FN:148,hScrollRenderer
FN:195,getFixedFieldsWidth
FN:204,(anonymous_15)
FN:210,getTableDataAreaHeight
FN:219,getTableHeaderHeight
FN:231,(anonymous_18)
FNF:18
FNH:12
FNDA:1,(anonymous_1)
FNDA:1,getDefaultProps
FNDA:7,getInitialState
FNDA:7,componentDidMount
FNDA:1,componentWillUnmount
FNDA:6,componentDidUpdate
FNDA:0,onHorizontalScroll
FNDA:0,onHorizontalScroll1
FNDA:13,onRendered
FNDA:1,onRowSelect
FNDA:13,render
FNDA:12,normalRenderer
FNDA:0,hScrollRenderer
FNDA:0,getFixedFieldsWidth
FNDA:0,(anonymous_15)
FNDA:0,getTableDataAreaHeight
FNDA:12,getTableHeaderHeight
FNDA:1,(anonymous_18)
DA:1,1
DA:2,1
DA:3,1
DA:4,1
DA:5,1
DA:6,1
DA:7,1
DA:8,1
DA:9,1
DA:10,1
DA:11,1
DA:15,1
DA:47,7
DA:50,7
DA:51,7
DA:54,1
DA:57,6
DA:60,0
DA:61,0
DA:64,0
DA:65,0
DA:66,0
DA:69,13
DA:70,12
DA:71,12
DA:72,12
DA:73,12
DA:74,12
DA:75,12
DA:76,12
DA:77,12
DA:78,12
DA:79,12
DA:80,12
DA:81,12
DA:82,12
DA:83,12
DA:84,12
DA:85,12
DA:86,0
DA:87,0
DA:88,0
DA:90,0
DA:91,0
DA:92,0
DA:93,0
DA:94,0
DA:95,0
DA:96,0
DA:97,0
DA:98,0
DA:99,0
DA:100,0
DA:102,12
DA:104,12
DA:105,12
DA:106,0
DA:107,0
DA:108,0
DA:109,0
DA:110,0
DA:111,0
DA:113,12
DA:117,1
DA:118,0
DA:119,0
DA:120,0
DA:121,0
DA:122,0
DA:123,0
DA:126,13
DA:127,12
DA:128,12
DA:131,1
DA:132,12
DA:148,1
DA:149,0
DA:154,0
DA:159,0
DA:195,1
DA:196,0
DA:197,0
DA:198,0
DA:199,0
DA:200,0
DA:201,0
DA:202,0
DA:203,0
DA:204,0
DA:205,0
DA:206,0
DA:208,0
DA:210,1
DA:211,0
DA:212,0
DA:213,0
DA:214,0
DA:215,0
DA:217,0
DA:219,1
DA:220,12
DA:221,12
DA:222,45
DA:223,45
DA:224,45
DA:226,12
DA:231,1
DA:232,1
LF:108
LH:56
BRDA:60,1,0,0
BRDA:60,1,1,0
BRDA:60,2,0,0
BRDA:60,2,1,0
BRDA:64,3,0,0
BRDA:64,3,1,0
BRDA:64,4,0,0
BRDA:64,4,1,0
BRDA:69,5,0,1
BRDA:69,5,1,12
BRDA:69,6,0,13
BRDA:69,6,1,13
BRDA:85,7,0,0
BRDA:85,7,1,12
BRDA:87,8,0,0
BRDA:87,8,1,0
BRDA:105,9,0,0
BRDA:105,9,1,12
BRDA:117,10,0,1
BRDA:117,10,1,0
BRDA:118,11,0,0
BRDA:118,11,1,0
BRDA:120,12,0,0
BRDA:120,12,1,0
BRDA:126,13,0,1
BRDA:126,13,1,12
BRDA:126,14,0,13
BRDA:126,14,1,13
BRDA:127,15,0,12
BRDA:127,15,1,0
BRDA:128,16,0,0
BRDA:128,16,1,12
BRDA:196,17,0,0
BRDA:196,17,1,0
BRDA:196,18,0,0
BRDA:196,18,1,0
BRDA:199,19,0,0
BRDA:199,19,1,0
BRDA:201,20,0,0
BRDA:201,20,1,0
BRDA:205,21,0,0
BRDA:205,21,1,0
BRDA:205,22,0,0
BRDA:205,22,1,0
BRDA:206,23,0,0
BRDA:206,23,1,0
BRDA:214,24,0,0
BRDA:214,24,1,0
BRDA:215,25,0,0
BRDA:215,25,1,0
BRDA:215,26,0,0
BRDA:215,26,1,0
BRDA:223,27,0,0
BRDA:223,27,1,45
BRDA:224,28,0,10
BRDA:224,28,1,35
BRDA:224,29,0,45
BRDA:224,29,1,36
BRDA:224,29,2,36
BRF:59
BRH:19
end_of_record
TN:
SF:/Users/baidu/www/jpui/build/src/components/table/NumberRenderer.jsx.js
FN:1,(anonymous_1)
FN:4,getDefaultProps
FN:13,getInitialState
FN:16,render
FN:45,(anonymous_5)
FNF:5
FNH:3
FNDA:1,(anonymous_1)
FNDA:1,getDefaultProps
FNDA:0,getInitialState
FNDA:0,render
FNDA:1,(anonymous_5)
DA:1,1
DA:2,1
DA:3,1
DA:5,1
DA:14,0
DA:17,0
DA:21,0
DA:22,0
DA:23,0
DA:25,0
DA:26,0
DA:28,0
DA:29,0
DA:31,0
DA:32,0
DA:34,0
DA:35,0
DA:39,0
DA:45,1
DA:46,1
LF:20
LH:6
BRDA:22,1,0,0
BRDA:22,1,1,0
BRDA:26,2,0,0
BRDA:26,2,1,0
BRDA:26,2,2,0
BRDA:26,2,3,0
BRDA:31,3,0,0
BRDA:31,3,1,0
BRF:8
BRH:0
end_of_record
TN:
SF:/Users/baidu/www/jpui/build/src/components/table/ButtonRenderer.jsx.js
FN:1,(anonymous_1)
FN:4,getDefaultProps
FN:11,onAction
FN:14,onIconClick
FN:22,render
FN:56,(anonymous_6)
FNF:6
FNH:3
FNDA:1,(anonymous_1)
FNDA:1,getDefaultProps
FNDA:0,onAction
FNDA:0,onIconClick
FNDA:0,render
FNDA:1,(anonymous_6)
DA:1,1
DA:2,1
DA:3,1
DA:5,1
DA:15,0
DA:23,0
DA:24,0
DA:25,0
DA:30,0
DA:31,0
DA:39,0
DA:44,0
DA:45,0
DA:56,1
DA:57,1
LF:15
LH:6
BRDA:32,1,0,0
BRDA:32,1,1,0
BRDA:34,2,0,0
BRDA:34,2,1,0
BRDA:41,3,0,0
BRDA:41,3,1,0
BRDA:45,4,0,0
BRDA:45,4,1,0
BRDA:45,5,0,0
BRDA:45,5,1,0
BRDA:45,6,0,0
BRDA:45,6,1,0
BRF:12
BRH:0
end_of_record
TN:
SF:/Users/baidu/www/jpui/build/src/Select.jsx.js
FN:1,(anonymous_1)
FN:10,getDefaultProps
FN:19,onLayerOffset
FN:26,getInitialState
FN:32,onListClick
FN:40,onMouseEnter
FN:46,onMouseLeave
FN:50,render
FN:95,(anonymous_9)
FNF:9
FNH:8
FNDA:1,(anonymous_1)
FNDA:1,getDefaultProps
FNDA:0,onLayerOffset
FNDA:2,getInitialState
FNDA:1,onListClick
FNDA:2,onMouseEnter
FNDA:1,onMouseLeave
FNDA:6,render
FNDA:1,(anonymous_9)
DA:1,1
DA:2,1
DA:3,1
DA:4,1
DA:5,1
DA:6,1
DA:7,1
DA:11,1
DA:27,2
DA:33,1
DA:34,1
DA:35,1
DA:36,1
DA:38,1
DA:41,2
DA:47,1
DA:48,1
DA:51,6
DA:52,6
DA:53,6
DA:54,6
DA:55,6
DA:64,6
DA:75,6
DA:76,0
DA:78,6
DA:79,6
DA:80,6
DA:81,12
DA:82,3
DA:83,3
DA:86,6
DA:87,6
DA:88,6
DA:89,6
DA:95,1
DA:96,1
LF:37
LH:36
BRDA:34,1,0,0
BRDA:34,1,1,1
BRDA:35,2,0,1
BRDA:35,2,1,0
BRDA:57,3,0,6
BRDA:57,3,1,2
BRDA:57,3,2,2
BRDA:62,4,0,0
BRDA:62,4,1,6
BRDA:75,5,0,0
BRDA:75,5,1,6
BRDA:81,6,0,3
BRDA:81,6,1,9
BRDA:86,7,0,0
BRDA:86,7,1,6
BRDA:87,8,0,0
BRDA:87,8,1,6
BRDA:88,9,0,2
BRDA:88,9,1,4
BRF:19
BRH:13
end_of_record
TN:
SF:/Users/baidu/www/jpui/build/src/TextArea.jsx.js
FN:1,(anonymous_1)
FN:12,getDefaultProps
FN:23,getInitialState
FN:26,focus
FN:30,render
FN:77,(anonymous_6)
FNF:6
FNH:6
FNDA:1,(anonymous_1)
FNDA:1,getDefaultProps
FNDA:5,getInitialState
FNDA:1,focus
FNDA:6,render
FNDA:1,(anonymous_6)
DA:1,1
DA:2,1
DA:3,1
DA:4,1
DA:5,1
DA:6,1
DA:7,1
DA:8,1
DA:9,1
DA:13,1
DA:24,5
DA:27,1
DA:28,1
DA:31,6
DA:32,6
DA:33,6
DA:34,6
DA:35,6
DA:36,6
DA:37,6
DA:43,6
DA:52,6
DA:53,0
DA:61,6
DA:70,6
DA:71,6
DA:77,1
DA:78,1
LF:28
LH:27
BRDA:8,1,0,1
BRDA:8,1,1,0
BRDA:11,2,0,0
BRDA:11,2,1,1
BRDA:32,3,0,1
BRDA:32,3,1,5
BRDA:32,4,0,6
BRDA:32,4,1,6
BRDA:35,5,0,1
BRDA:35,5,1,5
BRDA:36,6,0,1
BRDA:36,6,1,5
BRDA:52,7,0,0
BRDA:52,7,1,6
BRDA:70,8,0,2
BRDA:70,8,1,4
BRDA:70,9,0,6
BRDA:70,9,1,1
BRDA:70,9,2,5
BRF:19
BRH:16
end_of_record
TN:
SF:/Users/baidu/www/jpui/build/src/TextBox.jsx.js
FN:1,(anonymous_1)
FN:9,getDefaultProps
FN:20,getInitialState
FN:26,componentDidMount
FN:28,(anonymous_5)
FN:39,componentWillUnmount
FN:42,focus
FN:46,render
FN:77,(anonymous_9)
FNF:9
FNH:8
FNDA:1,(anonymous_1)
FNDA:1,getDefaultProps
FNDA:5,getInitialState
FNDA:1,componentDidMount
FNDA:1,(anonymous_5)
FNDA:0,componentWillUnmount
FNDA:1,focus
FNDA:6,render
FNDA:1,(anonymous_9)
DA:1,1
DA:2,1
DA:3,1
DA:4,1
DA:5,1
DA:6,1
DA:10,1
DA:21,5
DA:27,1
DA:28,1
DA:29,1
DA:30,1
DA:31,1
DA:33,0
DA:34,0
DA:36,0
DA:40,0
DA:43,1
DA:44,1
DA:47,6
DA:48,6
DA:49,6
DA:50,6
DA:51,6
DA:52,6
DA:53,6
DA:68,6
DA:77,1
DA:78,1
LF:29
LH:25
BRDA:29,1,0,1
BRDA:29,1,1,0
BRDA:33,2,0,0
BRDA:33,2,1,0
BRDA:48,3,0,1
BRDA:48,3,1,5
BRDA:48,4,0,6
BRDA:48,4,1,6
BRDA:50,5,0,1
BRDA:50,5,1,5
BRDA:52,6,0,2
BRDA:52,6,1,4
BRDA:52,7,0,6
BRDA:52,7,1,1
BRDA:52,7,2,5
BRDA:56,8,0,6
BRDA:56,8,1,6
BRDA:68,9,0,0
BRDA:68,9,1,6
BRF:19
BRH:15
end_of_record
TN:
SF:/Users/baidu/www/jpui/build/src/Dialog.jsx.js
FN:1,(anonymous_1)
FN:9,Dialog
FN:12,(anonymous_3)
FN:20,(anonymous_4)
FN:24,(anonymous_5)
FN:29,(anonymous_6)
FN:44,(anonymous_7)
FN:56,(anonymous_8)
FN:70,shojiComponentFactory
FN:73,getChildContext
FN:76,getDefaultProps
FN:79,getInitialState
FN:85,close
FN:90,onAction
FN:95,contentFactory
FN:108,render
FN:124,dialogComponentFactory
FN:127,getChildContext
FN:130,getDefaultProps
FN:133,getInitialState
FN:139,close
FN:144,resize
FN:150,contentFactory
FN:164,render
FN:187,(anonymous_25)
FNF:25
FNH:17
FNDA:1,(anonymous_1)
FNDA:4,Dialog
FNDA:11,(anonymous_3)
FNDA:11,(anonymous_4)
FNDA:9,(anonymous_5)
FNDA:4,(anonymous_6)
FNDA:5,(anonymous_7)
FNDA:4,(anonymous_8)
FNDA:0,shojiComponentFactory
FNDA:0,getChildContext
FNDA:0,getDefaultProps
FNDA:0,getInitialState
FNDA:0,close
FNDA:0,onAction
FNDA:0,contentFactory
FNDA:0,render
FNDA:11,dialogComponentFactory
FNDA:19,getChildContext
FNDA:11,getDefaultProps
FNDA:11,getInitialState
FNDA:8,close
FNDA:1,resize
FNDA:19,contentFactory
FNDA:19,render
FNDA:1,(anonymous_25)
DA:1,1
DA:2,1
DA:3,1
DA:4,1
DA:5,1
DA:6,1
DA:7,1
DA:8,1
DA:9,1
DA:10,4
DA:12,1
DA:13,11
DA:14,11
DA:15,11
DA:16,0
DA:18,11
DA:20,11
DA:21,11
DA:24,1
DA:25,9
DA:26,8
DA:27,8
DA:29,1
DA:30,4
DA:31,3
DA:32,3
DA:33,3
DA:34,6
DA:35,6
DA:37,3
DA:38,3
DA:39,3
DA:40,3
DA:42,3
DA:44,1
DA:45,5
DA:46,5
DA:50,5
DA:54,5
DA:56,1
DA:57,4
DA:58,4
DA:64,4
DA:68,4
DA:70,1
DA:71,0
DA:74,0
DA:77,0
DA:80,0
DA:86,0
DA:87,0
DA:88,0
DA:91,0
DA:92,0
DA:96,0
DA:97,0
DA:99,0
DA:100,0
DA:101,0
DA:102,0
DA:103,0
DA:105,0
DA:106,0
DA:109,0
DA:120,0
DA:124,1
DA:125,11
DA:128,19
DA:131,11
DA:134,11
DA:140,8
DA:141,8
DA:142,8
DA:145,1
DA:146,1
DA:148,1
DA:151,19
DA:152,1
DA:154,18
DA:155,18
DA:156,18
DA:157,44
DA:158,44
DA:160,18
DA:161,18
DA:162,18
DA:165,19
DA:179,19
DA:183,1
DA:187,1
DA:188,1
LF:91
LH:70
BRDA:15,1,0,0
BRDA:15,1,1,11
BRDA:21,2,0,11
BRDA:21,2,1,0
BRDA:25,3,0,1
BRDA:25,3,1,8
BRDA:30,4,0,1
BRDA:30,4,1,3
BRDA:34,5,0,0
BRDA:34,5,1,6
BRDA:37,6,0,3
BRDA:37,6,1,1
BRDA:39,7,0,0
BRDA:39,7,1,3
BRDA:45,8,0,5
BRDA:45,8,1,2
BRDA:57,9,0,4
BRDA:57,9,1,1
BRDA:61,10,0,2
BRDA:61,10,1,2
BRDA:62,11,0,2
BRDA:62,11,1,2
BRDA:74,12,0,0
BRDA:74,12,1,0
BRDA:74,13,0,0
BRDA:74,13,1,0
BRDA:82,14,0,0
BRDA:82,14,1,0
BRDA:87,15,0,0
BRDA:87,15,1,0
BRDA:91,16,0,0
BRDA:91,16,1,0
BRDA:96,17,0,0
BRDA:96,17,1,0
BRDA:102,18,0,0
BRDA:102,18,1,0
BRDA:117,19,0,0
BRDA:117,19,1,0
BRDA:128,20,0,0
BRDA:128,20,1,19
BRDA:128,21,0,19
BRDA:128,21,1,0
BRDA:136,22,0,11
BRDA:136,22,1,2
BRDA:141,23,0,8
BRDA:141,23,1,4
BRDA:145,24,0,1
BRDA:145,24,1,0
BRDA:145,25,0,1
BRDA:145,25,1,1
BRDA:151,26,0,1
BRDA:151,26,1,18
BRDA:157,27,0,0
BRDA:157,27,1,44
BRDA:175,28,0,1
BRDA:175,28,1,18
BRDA:176,29,0,1
BRDA:176,29,1,18
BRF:58
BRH:34
end_of_record
TN:
SF:/Users/baidu/www/jpui/build/src/ShojiScreen.jsx.js
FN:1,(anonymous_1)
FN:7,noop
FN:9,getDefaultProps
FN:29,componentDidMount
FN:56,componentWillUnmount
FN:59,componentWillReceiveProps
FN:62,onHidden
FN:80,onExpand
FN:91,onButtonBarClick
FN:96,close
FN:106,renderSubTree
FN:130,(anonymous_12)
FN:137,removeSubTree
FN:159,render
FN:166,(anonymous_15)
FNF:15
FNH:15
FNDA:1,(anonymous_1)
FNDA:7,noop
FNDA:1,getDefaultProps
FNDA:4,componentDidMount
FNDA:1,componentWillUnmount
FNDA:2,componentWillReceiveProps
FNDA:1,onHidden
FNDA:1,onExpand
FNDA:1,onButtonBarClick
FNDA:1,close
FNDA:6,renderSubTree
FNDA:5,(anonymous_12)
FNDA:3,removeSubTree
FNDA:6,render
FNDA:1,(anonymous_15)
DA:1,2
DA:2,1
DA:3,1
DA:4,1
DA:5,1
DA:6,1
DA:7,1
DA:8,1
DA:10,1
DA:30,4
DA:31,4
DA:32,4
DA:33,4
DA:34,4
DA:35,4
DA:36,4
DA:37,4
DA:38,4
DA:39,4
DA:40,4
DA:41,4
DA:42,4
DA:43,4
DA:44,4
DA:45,4
DA:46,4
DA:47,4
DA:48,4
DA:49,4
DA:50,4
DA:51,4
DA:52,4
DA:53,4
DA:54,4
DA:57,1
DA:60,2
DA:63,1
DA:64,1
DA:65,1
DA:66,0
DA:68,1
DA:69,1
DA:70,1
DA:71,1
DA:72,1
DA:73,1
DA:74,1
DA:75,0
DA:76,0
DA:78,1
DA:81,1
DA:82,1
DA:83,1
DA:84,1
DA:85,1
DA:86,1
DA:87,1
DA:88,1
DA:89,1
DA:92,1
DA:93,1
DA:94,1
DA:97,1
DA:98,1
DA:99,1
DA:100,1
DA:101,1
DA:102,1
DA:103,1
DA:107,6
DA:108,6
DA:109,5
DA:110,5
DA:111,5
DA:112,5
DA:113,5
DA:114,5
DA:115,5
DA:116,5
DA:117,5
DA:118,5
DA:119,5
DA:120,5
DA:121,4
DA:122,4
DA:123,4
DA:124,4
DA:125,4
DA:126,4
DA:127,4
DA:128,4
DA:130,5
DA:131,5
DA:133,5
DA:135,1
DA:138,3
DA:139,3
DA:140,3
DA:141,3
DA:142,3
DA:144,3
DA:145,3
DA:147,3
DA:148,3
DA:149,3
DA:150,3
DA:151,3
DA:152,3
DA:154,3
DA:155,0
DA:156,0
DA:160,6
DA:166,2
DA:167,1
LF:114
LH:109
BRDA:30,1,0,0
BRDA:30,1,1,4
BRDA:30,2,0,4
BRDA:30,2,1,4
BRDA:64,3,0,0
BRDA:64,3,1,1
BRDA:64,4,0,1
BRDA:64,4,1,1
BRDA:64,4,2,1
BRDA:65,5,0,0
BRDA:65,5,1,1
BRDA:65,6,0,1
BRDA:65,6,1,1
BRDA:72,7,0,1
BRDA:72,7,1,0
BRDA:74,8,0,0
BRDA:74,8,1,1
BRDA:81,9,0,0
BRDA:81,9,1,1
BRDA:81,10,0,1
BRDA:81,10,1,1
BRDA:81,10,2,1
BRDA:84,11,0,1
BRDA:84,11,1,0
BRDA:89,12,0,1
BRDA:89,12,1,1
BRDA:93,13,0,0
BRDA:93,13,1,1
BRDA:94,14,0,1
BRDA:94,14,1,1
BRDA:100,15,0,1
BRDA:100,15,1,1
BRDA:101,16,0,1
BRDA:101,16,1,0
BRDA:103,17,0,1
BRDA:103,17,1,1
BRDA:107,18,0,0
BRDA:107,18,1,6
BRDA:107,19,0,6
BRDA:107,19,1,6
BRDA:107,19,2,1
BRDA:108,20,0,5
BRDA:108,20,1,1
BRDA:112,21,0,5
BRDA:112,21,1,2
BRDA:113,22,0,2
BRDA:113,22,1,3
BRDA:114,23,0,2
BRDA:114,23,1,3
BRDA:115,24,0,2
BRDA:115,24,1,3
BRDA:116,25,0,2
BRDA:116,25,1,3
BRDA:117,26,0,0
BRDA:117,26,1,5
BRDA:117,27,0,5
BRDA:117,27,1,5
BRDA:117,28,0,0
BRDA:117,28,1,5
BRDA:117,29,0,5
BRDA:117,29,1,5
BRDA:117,30,0,0
BRDA:117,30,1,5
BRDA:117,31,0,5
BRDA:117,31,1,0
BRDA:118,32,0,2
BRDA:118,32,1,3
BRDA:119,33,0,5
BRDA:119,33,1,0
BRDA:120,34,0,4
BRDA:120,34,1,1
BRDA:121,35,0,4
BRDA:121,35,1,0
BRDA:122,36,0,0
BRDA:122,36,1,4
BRDA:123,37,0,0
BRDA:123,37,1,4
BRDA:124,38,0,0
BRDA:124,38,1,4
BRDA:131,39,0,5
BRDA:131,39,1,5
BRDA:139,40,0,0
BRDA:139,40,1,3
BRDA:150,41,0,3
BRDA:150,41,1,0
BRDA:151,42,0,3
BRDA:151,42,1,0
BRDA:154,43,0,0
BRDA:154,43,1,3
BRF:89
BRH:66
end_of_record
TN:
SF:/Users/baidu/www/jpui/build/src/DeployablePanel.jsx.js
FN:1,(anonymous_1)
FN:13,getDefaultProps
FN:24,getInitialState
FN:27,onChange
FN:32,render
FN:57,(anonymous_6)
FNF:6
FNH:5
FNDA:1,(anonymous_1)
FNDA:1,getDefaultProps
FNDA:3,getInitialState
FNDA:0,onChange
FNDA:3,render
FNDA:1,(anonymous_6)
DA:1,1
DA:2,1
DA:3,1
DA:4,1
DA:5,1
DA:6,1
DA:7,1
DA:11,1
DA:14,1
DA:25,3
DA:28,0
DA:29,0
DA:30,0
DA:33,3
DA:34,3
DA:35,3
DA:36,3
DA:57,1
DA:58,1
LF:19
LH:16
BRDA:29,1,0,0
BRDA:29,1,1,0
BRDA:36,2,0,3
BRDA:36,2,1,0
BRDA:39,3,0,2
BRDA:39,3,1,1
BRDA:41,4,0,2
BRDA:41,4,1,1
BRDA:44,5,0,2
BRDA:44,5,1,1
BRDA:45,6,0,0
BRDA:45,6,1,3
BRDA:48,7,0,0
BRDA:48,7,1,0
BRDA:50,8,0,0
BRDA:50,8,1,0
BRF:16
BRH:8
end_of_record
TN:
SF:/Users/baidu/www/jpui/build/src/TitleWindow.jsx.js
FN:1,(anonymous_1)
FN:6,noop
FN:9,getDefaultProps
FN:25,componentDidMount
FN:50,componentWillUnmount
FN:54,componentWillReceiveProps
FN:57,onWorkerRunning
FN:70,close
FN:80,resize
FN:102,renderSubTree
FN:141,(anonymous_11)
FN:144,(anonymous_12)
FN:154,removeSubTree
FN:171,render
FN:178,(anonymous_15)
FNF:15
FNH:15
FNDA:1,(anonymous_1)
FNDA:21,noop
FNDA:1,getDefaultProps
FNDA:15,componentDidMount
FNDA:11,componentWillUnmount
FNDA:10,componentWillReceiveProps
FNDA:58,onWorkerRunning
FNDA:1,close
FNDA:60,resize
FNDA:25,renderSubTree
FNDA:19,(anonymous_11)
FNDA:58,(anonymous_12)
FNDA:18,removeSubTree
FNDA:25,render
FNDA:1,(anonymous_15)
DA:1,2
DA:2,1
DA:3,1
DA:4,1
DA:5,1
DA:6,1
DA:7,1
DA:10,1
DA:26,15
DA:27,15
DA:28,15
DA:29,15
DA:30,15
DA:31,15
DA:32,15
DA:33,15
DA:34,15
DA:35,15
DA:36,0
DA:38,15
DA:39,15
DA:40,15
DA:41,15
DA:42,15
DA:43,15
DA:44,15
DA:45,15
DA:46,15
DA:47,15
DA:48,15
DA:51,11
DA:52,11
DA:55,10
DA:58,58
DA:59,38
DA:60,38
DA:62,20
DA:63,20
DA:64,20
DA:65,2
DA:66,2
DA:67,2
DA:71,1
DA:72,1
DA:73,1
DA:74,1
DA:75,1
DA:76,1
DA:77,1
DA:81,60
DA:82,60
DA:83,60
DA:84,60
DA:85,60
DA:86,60
DA:87,60
DA:88,60
DA:89,60
DA:90,60
DA:91,60
DA:92,60
DA:93,60
DA:94,60
DA:95,60
DA:96,60
DA:97,60
DA:98,60
DA:99,60
DA:100,60
DA:103,25
DA:104,25
DA:105,25
DA:106,25
DA:107,25
DA:108,25
DA:109,25
DA:110,25
DA:111,25
DA:112,25
DA:113,25
DA:114,19
DA:115,15
DA:116,15
DA:117,15
DA:118,15
DA:119,15
DA:120,15
DA:121,15
DA:122,15
DA:123,15
DA:124,15
DA:125,0
DA:127,15
DA:128,0
DA:131,15
DA:132,15
DA:133,15
DA:134,1
DA:136,15
DA:137,1
DA:139,15
DA:141,19
DA:142,19
DA:143,19
DA:144,18
DA:145,58
DA:148,19
DA:150,19
DA:152,6
DA:155,18
DA:156,13
DA:157,13
DA:158,13
DA:159,1
DA:160,1
DA:162,13
DA:163,13
DA:164,13
DA:165,13
DA:166,13
DA:167,13
DA:168,13
DA:169,13
DA:172,25
DA:178,2
DA:179,1
LF:126
LH:123
BRDA:26,1,0,0
BRDA:26,1,1,15
BRDA:26,2,0,15
BRDA:26,2,1,15
BRDA:35,3,0,0
BRDA:35,3,1,15
BRDA:58,4,0,38
BRDA:58,4,1,20
BRDA:58,5,0,58
BRDA:58,5,1,31
BRDA:58,5,2,31
BRDA:58,5,3,31
BRDA:58,5,4,20
BRDA:64,6,0,2
BRDA:64,6,1,18
BRDA:64,7,0,20
BRDA:64,7,1,18
BRDA:74,8,0,1
BRDA:74,8,1,1
BRDA:75,9,0,1
BRDA:75,9,1,0
BRDA:77,10,0,1
BRDA:77,10,1,1
BRDA:93,11,0,0
BRDA:93,11,1,60
BRDA:94,12,0,0
BRDA:94,12,1,60
BRDA:103,13,0,0
BRDA:103,13,1,25
BRDA:109,14,0,25
BRDA:109,14,1,0
BRDA:110,15,0,0
BRDA:110,15,1,25
BRDA:110,16,0,25
BRDA:110,16,1,19
BRDA:110,17,0,0
BRDA:110,17,1,25
BRDA:110,18,0,25
BRDA:110,18,1,25
BRDA:110,19,0,0
BRDA:110,19,1,25
BRDA:110,20,0,25
BRDA:110,20,1,25
BRDA:111,21,0,0
BRDA:111,21,1,25
BRDA:111,22,0,25
BRDA:111,22,1,6
BRDA:113,23,0,19
BRDA:113,23,1,6
BRDA:114,24,0,15
BRDA:114,24,1,4
BRDA:115,25,0,15
BRDA:115,25,1,0
BRDA:116,26,0,1
BRDA:116,26,1,14
BRDA:117,27,0,1
BRDA:117,27,1,14
BRDA:118,28,0,1
BRDA:118,28,1,14
BRDA:121,29,0,15
BRDA:121,29,1,0
BRDA:124,30,0,0
BRDA:124,30,1,15
BRDA:127,31,0,0
BRDA:127,31,1,15
BRDA:133,32,0,1
BRDA:133,32,1,14
BRDA:133,33,0,15
BRDA:133,33,1,14
BRDA:136,34,0,1
BRDA:136,34,1,14
BRDA:136,35,0,15
BRDA:136,35,1,14
BRDA:143,36,0,18
BRDA:143,36,1,1
BRDA:143,37,0,19
BRDA:143,37,1,19
BRDA:143,37,2,18
BRDA:143,37,3,18
BRDA:143,37,4,18
BRDA:143,37,5,18
BRDA:148,38,0,19
BRDA:148,38,1,19
BRDA:155,39,0,5
BRDA:155,39,1,13
BRDA:156,40,0,13
BRDA:156,40,1,0
BRDA:158,41,0,1
BRDA:158,41,1,12
BRF:89
BRH:73
end_of_record
TN:
SF:/Users/baidu/www/jpui/build/src/factories/crumbFactory.jsx.js
FN:1,(anonymous_1)
FN:4,linkFactory
FN:33,(anonymous_3)
FNF:3
FNH:2
FNDA:1,(anonymous_1)
FNDA:3,linkFactory
FNDA:0,(anonymous_3)
DA:1,1
DA:2,1
DA:3,1
DA:5,3
DA:6,3
DA:7,6
DA:8,6
DA:9,1
DA:14,5
DA:20,6
DA:21,4
DA:27,3
DA:33,1
DA:34,0
LF:14
LH:13
BRDA:8,1,0,1
BRDA:8,1,1,5
BRDA:8,2,0,6
BRDA:8,2,1,6
BRDA:8,2,2,6
BRDA:20,3,0,4
BRDA:20,3,1,2
BRF:7
BRH:7
end_of_record
TN:
SF:/Users/baidu/www/jpui/build/src/mixins/InputWidget.js
FN:6,(anonymous_1)
FN:12,(anonymous_2)
FN:18,(anonymous_3)
FN:23,(anonymous_4)
FN:26,(anonymous_5)
FN:40,(anonymous_6)
FN:64,(anonymous_7)
FN:105,(anonymous_8)
FNF:8
FNH:7
FNDA:1,(anonymous_1)
FNDA:690,(anonymous_2)
FNDA:9,(anonymous_3)
FNDA:535,(anonymous_4)
FNDA:2742,(anonymous_5)
FNDA:81,(anonymous_6)
FNDA:12,(anonymous_7)
FNDA:0,(anonymous_8)
DA:1,1
DA:7,1
DA:8,1
DA:9,1
DA:10,1
DA:13,690
DA:14,8
DA:16,690
DA:19,9
DA:20,4
DA:24,535
DA:27,2742
DA:28,2742
DA:29,17
DA:31,2725
DA:32,2543
DA:34,182
DA:35,35
DA:36,147
DA:37,147
DA:38,0
DA:41,81
DA:42,81
DA:43,81
DA:44,81
DA:45,70
DA:46,11
DA:47,8
DA:49,81
DA:50,3
DA:52,81
DA:53,0
DA:54,0
DA:55,0
DA:56,0
DA:59,81
DA:65,12
DA:66,12
DA:67,7
DA:68,5
DA:69,5
DA:70,5
DA:71,5
DA:72,5
DA:73,5
DA:74,25
DA:75,25
DA:76,5
DA:77,5
DA:79,20
DA:80,20
DA:81,20
DA:82,10
DA:83,5
DA:85,5
DA:88,20
DA:89,20
DA:90,18
DA:91,2
DA:92,2
DA:93,2
DA:94,2
DA:97,5
DA:98,5
DA:105,1
LF:65
LH:60
BRDA:13,1,0,8
BRDA:13,1,1,682
BRDA:16,2,0,690
BRDA:16,2,1,688
BRDA:19,3,0,4
BRDA:19,3,1,5
BRDA:24,4,0,535
BRDA:24,4,1,533
BRDA:27,5,0,1985
BRDA:27,5,1,757
BRDA:27,6,0,2742
BRDA:27,6,1,1103
BRDA:28,7,0,17
BRDA:28,7,1,2725
BRDA:28,8,0,2742
BRDA:28,8,1,346
BRDA:28,8,2,156
BRDA:28,8,3,17
BRDA:31,9,0,2543
BRDA:31,9,1,182
BRDA:31,10,0,2725
BRDA:31,10,1,2551
BRDA:31,10,2,2551
BRDA:34,11,0,35
BRDA:34,11,1,147
BRDA:34,12,0,182
BRDA:34,12,1,179
BRDA:36,13,0,147
BRDA:36,13,1,0
BRDA:41,14,0,13
BRDA:41,14,1,68
BRDA:41,15,0,81
BRDA:41,15,1,72
BRDA:42,16,0,0
BRDA:42,16,1,81
BRDA:44,17,0,70
BRDA:44,17,1,11
BRDA:46,18,0,8
BRDA:46,18,1,3
BRDA:49,19,0,3
BRDA:49,19,1,78
BRDA:49,20,0,81
BRDA:49,20,1,3
BRDA:52,21,0,0
BRDA:52,21,1,81
BRDA:52,22,0,81
BRDA:52,22,1,8
BRDA:54,23,0,0
BRDA:54,23,1,0
BRDA:54,24,0,0
BRDA:54,24,1,0
BRDA:66,25,0,7
BRDA:66,25,1,5
BRDA:70,26,0,5
BRDA:70,26,1,0
BRDA:71,27,0,5
BRDA:71,27,1,0
BRDA:72,28,0,5
BRDA:72,28,1,0
BRDA:75,29,0,5
BRDA:75,29,1,20
BRDA:75,30,0,25
BRDA:75,30,1,15
BRDA:79,31,0,20
BRDA:79,31,1,10
BRDA:81,32,0,10
BRDA:81,32,1,10
BRDA:82,33,0,5
BRDA:82,33,1,5
BRDA:89,34,0,18
BRDA:89,34,1,2
BRDA:89,35,0,20
BRDA:89,35,1,12
BRDA:91,36,0,2
BRDA:91,36,1,2
BRDA:91,36,2,2
BRDA:92,37,0,2
BRDA:92,37,1,0
BRDA:92,38,0,2
BRDA:92,38,1,2
BRF:80
BRH:69
end_of_record
TN:
SF:/Users/baidu/www/jpui/build/src/core/language.js
FN:1,(anonymous_1)
FN:515,(anonymous_2)
FNF:2
FNH:1
FNDA:1,(anonymous_1)
FNDA:0,(anonymous_2)
DA:1,1
DA:2,1
DA:3,1
DA:510,1
DA:515,1
LF:5
LH:5
BRF:0
BRH:0
end_of_record
TN:
SF:/Users/baidu/www/jpui/build/src/components/tab/NormalRenderer.jsx.js
FN:1,(anonymous_1)
FN:4,getDefaultProps
FN:9,onClick
FN:12,getInitialState
FN:15,onItemClick
FN:19,render
FN:29,(anonymous_7)
FNF:7
FNH:5
FNDA:1,(anonymous_1)
FNDA:1,getDefaultProps
FNDA:0,onClick
FNDA:6,getInitialState
FNDA:4,onItemClick
FNDA:12,render
FNDA:0,(anonymous_7)
DA:1,1
DA:2,1
DA:3,1
DA:5,1
DA:13,6
DA:16,4
DA:17,4
DA:20,12
DA:29,1
DA:30,0
LF:10
LH:9
BRF:0
BRH:0
end_of_record
TN:
SF:/Users/baidu/www/jpui/build/src/factories/tabFactory.jsx.js
FN:1,(anonymous_1)
FN:6,produceTabs
FN:33,(anonymous_3)
FNF:3
FNH:2
FNDA:1,(anonymous_1)
FNDA:6,produceTabs
FNDA:0,(anonymous_3)
DA:1,1
DA:2,1
DA:3,1
DA:4,1
DA:5,1
DA:7,6
DA:8,5
DA:9,5
DA:10,5
DA:11,5
DA:12,5
DA:13,15
DA:14,15
DA:15,15
DA:16,15
DA:17,15
DA:18,2
DA:20,13
DA:22,15
DA:23,15
DA:24,0
DA:27,5
DA:33,1
DA:34,0
LF:24
LH:22
BRDA:7,1,0,1
BRDA:7,1,1,5
BRDA:7,2,0,6
BRDA:7,2,1,6
BRDA:10,3,0,0
BRDA:10,3,1,5
BRDA:11,4,0,1
BRDA:11,4,1,4
BRDA:13,5,0,15
BRDA:13,5,1,0
BRDA:16,6,0,2
BRDA:16,6,1,13
BRDA:17,7,0,2
BRDA:17,7,1,13
BRDA:17,8,0,15
BRDA:17,8,1,15
BRDA:20,9,0,5
BRDA:20,9,1,8
BRDA:23,10,0,0
BRDA:23,10,1,15
BRDA:23,11,0,15
BRDA:23,11,1,0
BRF:22
BRH:18
end_of_record
TN:
SF:/Users/baidu/www/jpui/build/src/core/layerTools.js
FN:4,(anonymous_1)
FN:7,(anonymous_2)
FN:155,(anonymous_3)
FNF:3
FNH:1
FNDA:1,(anonymous_1)
FNDA:0,(anonymous_2)
FNDA:0,(anonymous_3)
DA:1,1
DA:5,1
DA:6,1
DA:8,0
DA:9,0
DA:10,0
DA:11,0
DA:12,0
DA:13,0
DA:19,0
DA:20,0
DA:86,0
DA:87,0
DA:88,0
DA:89,0
DA:90,0
DA:91,0
DA:92,0
DA:95,0
DA:96,0
DA:97,0
DA:98,0
DA:100,0
DA:102,0
DA:108,0
DA:109,0
DA:110,0
DA:111,0
DA:112,0
DA:117,0
DA:118,0
DA:119,0
DA:120,0
DA:121,0
DA:122,0
DA:124,0
DA:126,0
DA:127,0
DA:128,0
DA:129,0
DA:130,0
DA:131,0
DA:133,0
DA:135,0
DA:136,0
DA:137,0
DA:138,0
DA:141,0
DA:142,0
DA:143,0
DA:145,0
DA:147,0
DA:148,0
DA:155,1
LF:54
LH:4
BRDA:19,1,0,0
BRDA:19,1,1,0
BRDA:90,2,0,0
BRDA:90,2,1,0
BRDA:90,3,0,0
BRDA:90,3,1,0
BRDA:95,4,0,0
BRDA:95,4,1,0
BRDA:96,5,0,0
BRDA:96,5,1,0
BRDA:96,6,0,0
BRDA:96,6,1,0
BRDA:98,7,0,0
BRDA:98,7,1,0
BRDA:98,8,0,0
BRDA:98,8,1,0
BRDA:117,9,0,0
BRDA:117,9,1,0
BRDA:117,10,0,0
BRDA:117,10,1,0
BRDA:119,11,0,0
BRDA:119,11,1,0
BRDA:119,12,0,0
BRDA:119,12,1,0
BRDA:121,13,0,0
BRDA:121,13,1,0
BRDA:122,14,0,0
BRDA:122,14,1,0
BRDA:124,15,0,0
BRDA:124,15,1,0
BRDA:126,16,0,0
BRDA:126,16,1,0
BRDA:126,17,0,0
BRDA:126,17,1,0
BRDA:128,18,0,0
BRDA:128,18,1,0
BRDA:128,19,0,0
BRDA:128,19,1,0
BRDA:130,20,0,0
BRDA:130,20,1,0
BRDA:131,21,0,0
BRDA:131,21,1,0
BRDA:133,22,0,0
BRDA:133,22,1,0
BRDA:136,23,0,0
BRDA:136,23,1,0
BRDA:136,24,0,0
BRDA:136,24,1,0
BRDA:141,25,0,0
BRDA:141,25,1,0
BRDA:141,26,0,0
BRDA:141,26,1,0
BRDA:143,27,0,0
BRDA:143,27,1,0
BRDA:143,28,0,0
BRDA:143,28,1,0
BRF:56
BRH:0
end_of_record
TN:
SF:/Users/baidu/www/jpui/build/src/factories/listFactory.jsx.js
FN:1,(anonymous_1)
FN:6,listFactory
FN:36,(anonymous_3)
FNF:3
FNH:2
FNDA:1,(anonymous_1)
FNDA:10,listFactory
FNDA:0,(anonymous_3)
DA:1,1
DA:2,1
DA:3,1
DA:4,1
DA:5,1
DA:7,10
DA:8,9
DA:9,9
DA:10,26
DA:11,26
DA:12,3
DA:16,3
DA:18,23
DA:19,23
DA:20,23
DA:21,23
DA:22,23
DA:23,23
DA:24,23
DA:25,23
DA:26,23
DA:27,23
DA:28,23
DA:30,9
DA:36,1
DA:37,0
LF:26
LH:25
BRDA:7,1,0,1
BRDA:7,1,1,9
BRDA:7,2,0,10
BRDA:7,2,1,10
BRDA:11,3,0,3
BRDA:11,3,1,23
BRDA:20,4,0,0
BRDA:20,4,1,23
BRDA:21,5,0,23
BRDA:21,5,1,0
BRDA:22,6,0,23
BRDA:22,6,1,0
BRDA:23,7,0,23
BRDA:23,7,1,19
BRDA:26,8,0,0
BRDA:26,8,1,23
BRDA:27,9,0,19
BRDA:27,9,1,4
BRF:18
BRH:14
end_of_record
TN:
SF:/Users/baidu/www/jpui/build/src/components/list/NormalRenderer.jsx.js
FN:1,(anonymous_1)
FN:4,getDefaultProps
FN:9,onClick
FN:12,getInitialState
FN:15,onClick
FN:21,render
FN:33,(anonymous_7)
FNF:7
FNH:5
FNDA:1,(anonymous_1)
FNDA:1,getDefaultProps
FNDA:0,onClick
FNDA:16,getInitialState
FNDA:6,onClick
FNDA:21,render
FNDA:0,(anonymous_7)
DA:1,1
DA:2,1
DA:3,1
DA:5,1
DA:13,16
DA:16,6
DA:17,5
DA:18,5
DA:19,5
DA:22,21
DA:27,21
DA:33,1
DA:34,0
LF:13
LH:12
BRDA:16,1,0,1
BRDA:16,1,1,5
BRDA:24,2,0,3
BRDA:24,2,1,18
BRF:4
BRH:4
end_of_record
TN:
SF:/Users/baidu/www/jpui/build/src/factories/pagerFactory.jsx.js
FN:1,(anonymous_1)
FN:12,(anonymous_2)
FN:18,buttonFactory
FN:87,pageJumperFactory
FN:111,(anonymous_5)
FNF:5
FNH:3
FNDA:0,(anonymous_1)
FNDA:1,(anonymous_2)
FNDA:7,buttonFactory
FNDA:7,pageJumperFactory
FNDA:0,(anonymous_5)
DA:1,1
DA:2,0
DA:3,0
DA:4,0
DA:5,0
DA:6,0
DA:10,0
DA:12,1
DA:13,1
DA:14,1
DA:15,1
DA:16,1
DA:17,1
DA:19,7
DA:20,7
DA:21,7
DA:22,7
DA:23,7
DA:24,7
DA:25,7
DA:26,7
DA:27,7
DA:28,7
DA:36,7
DA:37,7
DA:38,7
DA:39,7
DA:40,160
DA:41,46
DA:42,1
DA:43,1
DA:49,46
DA:50,46
DA:52,114
DA:53,47
DA:54,1
DA:55,1
DA:61,47
DA:62,47
DA:64,67
DA:70,67
DA:75,67
DA:77,7
DA:85,7
DA:88,7
DA:89,7
DA:90,7
DA:92,0
DA:93,0
DA:94,0
DA:95,0
DA:105,0
DA:111,1
DA:112,0
LF:54
LH:42
BRDA:1,1,0,1
BRDA:1,1,1,1
BRDA:5,2,0,0
BRDA:5,2,1,0
BRDA:24,3,0,1
BRDA:24,3,1,6
BRDA:25,4,0,0
BRDA:25,4,1,7
BRDA:26,5,0,0
BRDA:26,5,1,7
BRDA:27,6,0,6
BRDA:27,6,1,1
BRDA:27,7,0,7
BRDA:27,7,1,1
BRDA:33,8,0,7
BRDA:33,8,1,6
BRDA:40,9,0,46
BRDA:40,9,1,114
BRDA:40,10,0,160
BRDA:40,10,1,47
BRDA:41,11,0,1
BRDA:41,11,1,45
BRDA:52,12,0,47
BRDA:52,12,1,67
BRDA:52,13,0,114
BRDA:52,13,1,48
BRDA:53,14,0,1
BRDA:53,14,1,46
BRDA:65,15,0,7
BRDA:65,15,1,60
BRDA:82,16,0,7
BRDA:82,16,1,6
BRDA:89,17,0,7
BRDA:89,17,1,0
BRF:34
BRH:29
end_of_record
TN:
SF:/Users/baidu/www/jpui/build/src/components/tree/NormalRenderer.jsx.js
FN:1,(anonymous_1)
FN:6,getDefaultProps
FN:13,onAction
FN:16,getInitialState
FN:19,onClick
FN:26,render
FN:46,(anonymous_7)
FNF:7
FNH:5
FNDA:1,(anonymous_1)
FNDA:1,getDefaultProps
FNDA:0,onAction
FNDA:17,getInitialState
FNDA:2,onClick
FNDA:23,render
FNDA:0,(anonymous_7)
DA:1,1
DA:2,1
DA:3,1
DA:4,1
DA:7,1
DA:17,17
DA:20,2
DA:21,1
DA:27,23
DA:28,23
DA:29,23
DA:35,23
DA:40,23
DA:46,1
DA:47,0
LF:15
LH:14
BRDA:20,1,0,1
BRDA:20,1,1,1
BRDA:21,2,0,1
BRDA:21,2,1,1
BRDA:28,3,0,23
BRDA:28,3,1,9
BRDA:31,4,0,3
BRDA:31,4,1,20
BRDA:36,5,0,1
BRDA:36,5,1,22
BRDA:37,6,0,16
BRDA:37,6,1,7
BRF:12
BRH:12
end_of_record
TN:
SF:/Users/baidu/www/jpui/build/src/factories/treeFactory.jsx.js
FN:1,(anonymous_1)
FN:5,leafFactory
FN:17,addLeaves
FN:46,(anonymous_4)
FNF:4
FNH:3
FNDA:1,(anonymous_1)
FNDA:86,leafFactory
FNDA:100,addLeaves
FNDA:0,(anonymous_4)
DA:1,1
DA:2,1
DA:3,1
DA:4,1
DA:6,86
DA:7,85
DA:8,85
DA:9,85
DA:11,1
DA:13,85
DA:14,85
DA:15,85
DA:16,85
DA:17,1
DA:18,100
DA:19,297
DA:20,297
DA:21,297
DA:30,297
DA:31,6
DA:32,6
DA:34,291
DA:35,291
DA:36,291
DA:37,15
DA:46,1
DA:47,0
LF:27
LH:26
BRDA:6,1,0,1
BRDA:6,1,1,85
BRDA:6,2,0,86
BRDA:6,2,1,85
BRDA:13,3,0,85
BRDA:13,3,1,3
BRDA:20,4,0,20
BRDA:20,4,1,277
BRDA:27,5,0,297
BRDA:27,5,1,288
BRDA:30,6,0,6
BRDA:30,6,1,291
BRDA:34,7,0,288
BRDA:34,7,1,3
BRDA:36,8,0,15
BRDA:36,8,1,276
BRDA:36,9,0,291
BRDA:36,9,1,101
BRF:18
BRH:18
end_of_record
TN:
SF:/Users/baidu/www/jpui/build/src/factories/alphabetRegionFactory.jsx.js
FN:1,(anonymous_1)
FN:6,shortCutFactory
FN:23,alphaFactory
FN:40,regionFactory
FN:53,cityFactory
FN:69,(anonymous_6)
FNF:6
FNH:5
FNDA:1,(anonymous_1)
FNDA:3,shortCutFactory
FNDA:3,alphaFactory
FNDA:45,regionFactory
FNDA:102,cityFactory
FNDA:0,(anonymous_6)
DA:1,1
DA:2,1
DA:3,1
DA:4,1
DA:5,1
DA:7,3
DA:8,3
DA:9,3
DA:10,3
DA:11,78
DA:12,45
DA:18,78
DA:19,75
DA:21,3
DA:24,3
DA:25,3
DA:26,3
DA:27,3
DA:28,78
DA:29,45
DA:35,78
DA:36,75
DA:38,3
DA:41,45
DA:42,45
DA:43,102
DA:51,45
DA:54,102
DA:55,81
DA:56,81
DA:57,1074
DA:63,81
DA:69,1
DA:70,0
LF:34
LH:33
BRDA:11,1,0,45
BRDA:11,1,1,33
BRDA:18,2,0,3
BRDA:18,2,1,75
BRDA:28,3,0,45
BRDA:28,3,1,33
BRDA:35,4,0,3
BRDA:35,4,1,75
BRDA:49,5,0,81
BRDA:49,5,1,21
BRDA:54,6,0,21
BRDA:54,6,1,81
BRF:12
BRH:12
end_of_record
TN:
SF:/Users/baidu/www/jpui/build/src/factories/wizardFactory.jsx.js
FN:1,(anonymous_1)
FN:4,produceItems
FN:44,(anonymous_3)
FNF:3
FNH:2
FNDA:1,(anonymous_1)
FNDA:7,produceItems
FNDA:0,(anonymous_3)
DA:1,1
DA:2,1
DA:3,1
DA:5,7
DA:6,6
DA:7,6
DA:8,6
DA:9,6
DA:10,18
DA:20,18
DA:21,3
DA:22,15
DA:23,6
DA:25,9
DA:27,18
DA:28,6
DA:30,18
DA:38,6
DA:44,1
DA:45,0
LF:20
LH:19
BRDA:5,1,0,1
BRDA:5,1,1,6
BRDA:5,2,0,7
BRDA:5,2,1,7
BRDA:8,3,0,0
BRDA:8,3,1,6
BRDA:20,4,0,3
BRDA:20,4,1,15
BRDA:22,5,0,6
BRDA:22,5,1,9
BRDA:23,6,0,1
BRDA:23,6,1,5
BRDA:27,7,0,6
BRDA:27,7,1,12
BRF:14
BRH:13
end_of_record
TN:
SF:/Users/baidu/www/jpui/build/src/components/tree/SelectRenderer.jsx.js
FN:1,(anonymous_1)
FN:7,getDefaultProps
FN:14,onAction
FN:17,getInitialState
FN:20,onOperate
FN:31,render
FN:67,(anonymous_7)
FNF:7
FNH:5
FNDA:1,(anonymous_1)
FNDA:1,getDefaultProps
FNDA:0,onAction
FNDA:74,getInitialState
FNDA:3,onOperate
FNDA:268,render
FNDA:0,(anonymous_7)
DA:1,1
DA:2,1
DA:3,1
DA:4,1
DA:5,1
DA:8,1
DA:18,74
DA:21,3
DA:22,3
DA:23,3
DA:24,3
DA:29,3
DA:32,268
DA:33,268
DA:34,268
DA:35,268
DA:36,268
DA:37,268
DA:38,159
DA:43,159
DA:48,159
DA:49,159
DA:50,134
DA:51,134
DA:56,25
DA:61,159
DA:67,1
DA:68,0
LF:28
LH:27
BRDA:22,1,0,0
BRDA:22,1,1,3
BRDA:23,2,0,2
BRDA:23,2,1,1
BRDA:29,3,0,3
BRDA:29,3,1,3
BRDA:34,4,0,268
BRDA:34,4,1,0
BRDA:35,5,0,268
BRDA:35,5,1,0
BRDA:37,6,0,109
BRDA:37,6,1,159
BRDA:37,7,0,268
BRDA:37,7,1,134
BRDA:40,8,0,3
BRDA:40,8,1,156
BRDA:44,9,0,8
BRDA:44,9,1,151
BRDA:45,10,0,109
BRDA:45,10,1,50
BRDA:49,11,0,134
BRDA:49,11,1,25
BRDA:50,12,0,134
BRDA:50,12,1,131
BRDA:50,12,2,32
BRDA:52,13,0,28
BRDA:52,13,1,106
BRDA:52,14,0,25
BRDA:52,14,1,109
BRDA:52,15,0,134
BRDA:52,15,1,32
BRDA:53,16,0,28
BRDA:53,16,1,106
BRF:33
BRH:30
end_of_record
TN:
SF:/Users/baidu/www/jpui/build/src/core/treeTools.js
FN:1,(anonymous_1)
FN:3,(anonymous_2)
FN:15,(anonymous_3)
FN:44,(anonymous_4)
FN:47,getCount
FN:58,(anonymous_6)
FN:62,doing
FN:86,(anonymous_8)
FN:96,targetChildren
FN:109,(anonymous_10)
FN:115,delChildren
FN:134,(anonymous_12)
FNF:12
FNH:10
FNDA:1,(anonymous_1)
FNDA:0,(anonymous_2)
FNDA:426,(anonymous_3)
FNDA:24,(anonymous_4)
FNDA:48,getCount
FNDA:1,(anonymous_6)
FNDA:2,doing
FNDA:3,(anonymous_8)
FNDA:2,targetChildren
FNDA:1,(anonymous_10)
FNDA:1,delChildren
FNDA:0,(anonymous_12)
DA:1,1
DA:2,1
DA:4,0
DA:5,0
DA:6,0
DA:7,0
DA:8,0
DA:9,0
DA:10,0
DA:13,0
DA:16,426
DA:17,426
DA:18,426
DA:19,18
DA:21,408
DA:25,408
DA:26,314
DA:27,314
DA:28,314
DA:29,314
DA:31,94
DA:32,158
DA:33,158
DA:34,158
DA:35,158
DA:37,158
DA:38,158
DA:39,158
DA:41,94
DA:42,94
DA:45,24
DA:46,24
DA:47,1
DA:48,48
DA:49,120
DA:50,96
DA:51,96
DA:53,24
DA:56,24
DA:59,1
DA:60,1
DA:61,1
DA:62,1
DA:63,2
DA:64,0
DA:65,2
DA:66,7
DA:67,7
DA:68,4
DA:69,0
DA:71,4
DA:73,3
DA:74,1
DA:75,2
DA:76,1
DA:77,1
DA:79,1
DA:80,1
DA:81,1
DA:87,3
DA:88,0
DA:89,0
DA:91,3
DA:92,1
DA:93,1
DA:95,2
DA:96,1
DA:97,2
DA:98,0
DA:99,2
DA:100,3
DA:101,3
DA:102,0
DA:103,0
DA:105,3
DA:110,1
DA:111,0
DA:112,0
DA:114,1
DA:115,1
DA:116,1
DA:117,0
DA:118,1
DA:119,2
DA:120,2
DA:121,0
DA:122,0
DA:124,2
DA:134,1
LF:89
LH:69
BRDA:7,1,0,0
BRDA:7,1,1,0
BRDA:9,2,0,0
BRDA:9,2,1,0
BRDA:9,3,0,0
BRDA:9,3,1,0
BRDA:16,4,0,426
BRDA:16,4,1,0
BRDA:17,5,0,426
BRDA:17,5,1,0
BRDA:18,6,0,18
BRDA:18,6,1,408
BRDA:25,7,0,314
BRDA:25,7,1,94
BRDA:27,8,0,52
BRDA:27,8,1,262
BRDA:34,9,0,158
BRDA:34,9,1,0
BRDA:49,10,0,96
BRDA:49,10,1,24
BRDA:49,11,0,120
BRDA:49,11,1,24
BRDA:63,12,0,0
BRDA:63,12,1,2
BRDA:63,13,0,2
BRDA:63,13,1,2
BRDA:67,14,0,4
BRDA:67,14,1,3
BRDA:68,15,0,0
BRDA:68,15,1,4
BRDA:73,16,0,1
BRDA:73,16,1,2
BRDA:75,17,0,1
BRDA:75,17,1,1
BRDA:87,18,0,0
BRDA:87,18,1,3
BRDA:91,19,0,1
BRDA:91,19,1,2
BRDA:97,20,0,0
BRDA:97,20,1,2
BRDA:101,21,0,0
BRDA:101,21,1,3
BRDA:110,22,0,0
BRDA:110,22,1,1
BRDA:116,23,0,0
BRDA:116,23,1,1
BRDA:120,24,0,0
BRDA:120,24,1,2
BRF:48
BRH:31
end_of_record
TN:
SF:/Users/baidu/www/jpui/build/src/core/tableTools.js
FN:1,(anonymous_1)
FN:9,(anonymous_2)
FN:19,(anonymous_3)
FN:24,(anonymous_4)
FN:35,(anonymous_5)
FN:49,(anonymous_6)
FN:84,(anonymous_7)
FN:113,(anonymous_8)
FN:122,(anonymous_9)
FN:136,(anonymous_10)
FN:137,(anonymous_11)
FN:162,(anonymous_12)
FNF:12
FNH:8
FNDA:1,(anonymous_1)
FNDA:26,(anonymous_2)
FNDA:28,(anonymous_3)
FNDA:68,(anonymous_4)
FNDA:66,(anonymous_5)
FNDA:0,(anonymous_6)
FNDA:204,(anonymous_7)
FNDA:70,(anonymous_8)
FNDA:6,(anonymous_9)
FNDA:0,(anonymous_10)
FNDA:0,(anonymous_11)
FNDA:0,(anonymous_12)
DA:1,1
DA:2,1
DA:8,1
DA:10,26
DA:11,0
DA:12,26
DA:13,26
DA:14,19
DA:15,19
DA:17,26
DA:20,28
DA:21,28
DA:22,28
DA:25,68
DA:26,68
DA:27,68
DA:28,0
DA:29,68
DA:30,32
DA:31,0
DA:33,68
DA:36,66
DA:37,66
DA:38,66
DA:39,66
DA:40,30
DA:41,0
DA:43,66
DA:44,0
DA:45,66
DA:46,0
DA:47,66
DA:50,0
DA:51,0
DA:52,0
DA:53,0
DA:54,0
DA:55,0
DA:56,0
DA:58,0
DA:59,0
DA:60,0
DA:61,0
DA:62,0
DA:63,0
DA:65,0
DA:66,0
DA:67,0
DA:68,0
DA:69,0
DA:70,0
DA:73,0
DA:74,0
DA:75,0
DA:76,0
DA:77,0
DA:78,0
DA:79,0
DA:80,0
DA:82,0
DA:85,204
DA:86,204
DA:87,204
DA:88,204
DA:89,204
DA:90,204
DA:91,204
DA:92,0
DA:93,204
DA:94,0
DA:95,204
DA:96,198
DA:97,6
DA:98,6
DA:100,204
DA:101,204
DA:102,816
DA:103,816
DA:104,138
DA:107,204
DA:108,6
DA:110,204
DA:111,204
DA:114,70
DA:115,70
DA:116,70
DA:123,6
DA:126,70
DA:127,210
DA:128,210
DA:129,0
DA:130,0
DA:137,0
DA:138,0
DA:139,0
DA:140,0
DA:144,0
DA:145,0
DA:147,210
DA:150,70
DA:151,0
DA:152,70
DA:153,6
DA:155,70
DA:162,1
LF:105
LH:60
BRDA:10,1,0,0
BRDA:10,1,1,26
BRDA:14,2,0,19
BRDA:14,2,1,0
BRDA:20,3,0,28
BRDA:20,3,1,0
BRDA:21,4,0,28
BRDA:21,4,1,0
BRDA:22,5,0,28
BRDA:22,5,1,26
BRDA:25,6,0,68
BRDA:25,6,1,0
BRDA:27,7,0,0
BRDA:27,7,1,68
BRDA:29,8,0,32
BRDA:29,8,1,36
BRDA:38,9,0,66
BRDA:38,9,1,0
BRDA:39,10,0,30
BRDA:39,10,1,36
BRDA:43,11,0,0
BRDA:43,11,1,66
BRDA:43,12,0,66
BRDA:43,12,1,66
BRDA:45,13,0,0
BRDA:45,13,1,66
BRDA:52,14,0,0
BRDA:52,14,1,0
BRDA:52,15,0,0
BRDA:52,15,1,0
BRDA:54,16,0,0
BRDA:54,16,1,0
BRDA:58,17,0,0
BRDA:58,17,1,0
BRDA:58,18,0,0
BRDA:58,18,1,0
BRDA:61,19,0,0
BRDA:61,19,1,0
BRDA:65,20,0,0
BRDA:65,20,1,0
BRDA:65,21,0,0
BRDA:65,21,1,0
BRDA:68,22,0,0
BRDA:68,22,1,0
BRDA:73,23,0,0
BRDA:73,23,1,0
BRDA:75,24,0,0
BRDA:75,24,1,0
BRDA:79,25,0,0
BRDA:79,25,1,0
BRDA:91,26,0,0
BRDA:91,26,1,204
BRDA:93,27,0,0
BRDA:93,27,1,204
BRDA:93,28,0,204
BRDA:93,28,1,0
BRDA:95,29,0,198
BRDA:95,29,1,6
BRDA:95,30,0,204
BRDA:95,30,1,204
BRDA:97,31,0,6
BRDA:97,31,1,0
BRDA:100,32,0,204
BRDA:100,32,1,204
BRDA:103,33,0,138
[...]
BRDA:29,5,0,0
BRDA:29,5,1,3
BRDA:33,6,0,21
BRDA:33,6,1,0
BRDA:48,7,0,10
BRDA:48,7,1,9
BRDA:48,8,0,19
BRDA:48,8,1,16
BRDA:48,8,2,10
BRDA:51,9,0,3
BRDA:51,9,1,6
BRDA:70,10,0,12
BRDA:70,10,1,26
BRDA:71,11,0,0
BRDA:71,11,1,38
BRDA:72,12,0,12
BRDA:72,12,1,26
BRDA:73,13,0,0
BRDA:73,13,1,38
BRDA:84,14,0,3232
BRDA:84,14,1,32
BRDA:85,15,0,3223
BRDA:85,15,1,9
BRDA:97,16,0,16
BRDA:97,16,1,16
BRDA:100,17,0,7
BRDA:100,17,1,9
BRDA:112,18,0,0
BRDA:112,18,1,136
BRDA:135,19,0,0
BRDA:135,19,1,525
BRDA:139,20,0,21
BRDA:139,20,1,1008
BRDA:142,21,0,0
BRDA:142,21,1,1008
BRDA:150,22,0,0
BRDA:150,22,1,11
BRDA:153,23,0,11
BRDA:153,23,1,0
BRDA:154,24,0,11
BRDA:154,24,1,0
BRDA:154,25,0,11
BRDA:154,25,1,0
BRDA:154,26,0,0
BRDA:154,26,1,0
BRDA:155,27,0,0
BRDA:155,27,1,11
BRDA:156,28,0,0
BRDA:156,28,1,11
BRDA:156,29,0,11
BRDA:156,29,1,3
BRDA:159,30,0,0
BRDA:159,30,1,11
BRDA:163,31,0,44
BRDA:163,31,1,22
BRDA:180,32,0,1
BRDA:180,32,1,8
BRDA:182,33,0,0
BRDA:182,33,1,8
BRDA:185,34,0,1
BRDA:185,34,1,1
BRDA:187,35,0,0
BRDA:187,35,1,1
BRDA:189,36,0,1
BRDA:189,36,1,0
BRDA:189,37,0,1
BRDA:189,37,1,0
BRDA:193,38,0,1
BRDA:193,38,1,2
BRDA:193,39,0,3
BRDA:193,39,1,2
BRDA:194,40,0,0
BRDA:194,40,1,1
BRDA:197,41,0,0
BRDA:197,41,1,9
BRDA:200,42,0,0
BRDA:200,42,1,4
BRF:85
BRH:61
end_of_record
TN:
SF:/Users/baidu/www/jpui/build/src/factories/scheduleFactory.jsx.js
FN:1,(anonymous_1)
FN:7,gridFactory
FN:25,axisXFactory
FN:32,axisYFactory
FN:69,columnSelectorFactory
FN:99,(anonymous_6)
FNF:6
FNH:5
FNDA:1,(anonymous_1)
FNDA:19,gridFactory
FNDA:19,axisXFactory
FNDA:19,axisYFactory
FNDA:19,columnSelectorFactory
FNDA:0,(anonymous_6)
DA:1,1
DA:2,1
DA:3,1
DA:4,1
DA:5,1
DA:6,1
DA:8,19
DA:9,19
DA:10,133
DA:11,3192
DA:19,3192
DA:20,3192
DA:23,19
DA:26,19
DA:27,19
DA:28,475
DA:30,19
DA:33,19
DA:34,19
DA:35,19
DA:36,19
DA:37,3
DA:38,21
DA:45,21
DA:56,21
DA:58,3
DA:60,16
DA:61,112
DA:67,16
DA:70,19
DA:71,19
DA:72,3
DA:73,3
DA:74,3
DA:75,72
DA:82,72
DA:91,72
DA:93,3
DA:99,1
DA:100,0
LF:40
LH:39
BRDA:19,1,0,3192
BRDA:19,1,1,3192
BRDA:34,2,0,19
BRDA:34,2,1,0
BRDA:34,3,0,19
BRDA:34,3,1,19
BRDA:36,4,0,3
BRDA:36,4,1,16
BRDA:70,5,0,19
BRDA:70,5,1,0
BRDA:70,6,0,19
BRDA:70,6,1,19
BRDA:71,7,0,16
BRDA:71,7,1,3
BRF:14
BRH:12
end_of_record
TN:
SF:/Users/baidu/www/jpui/build/src/mixins/InputWidgetImeFixed.js
FN:4,(anonymous_1)
FN:7,(anonymous_2)
FN:16,(anonymous_3)
FN:19,(anonymous_4)
FN:34,(anonymous_5)
FN:37,(anonymous_6)
FN:50,(anonymous_7)
FN:53,(anonymous_8)
FN:65,(anonymous_9)
FN:72,(anonymous_10)
FN:76,(anonymous_11)
FN:78,(anonymous_12)
FN:87,(anonymous_13)
FN:94,(anonymous_14)
FN:104,(anonymous_15)
FNF:15
FNH:2
FNDA:1,(anonymous_1)
FNDA:5,(anonymous_2)
FNDA:0,(anonymous_3)
FNDA:0,(anonymous_4)
FNDA:0,(anonymous_5)
FNDA:0,(anonymous_6)
FNDA:0,(anonymous_7)
FNDA:0,(anonymous_8)
FNDA:0,(anonymous_9)
FNDA:0,(anonymous_10)
FNDA:0,(anonymous_11)
FNDA:0,(anonymous_12)
FNDA:0,(anonymous_13)
FNDA:0,(anonymous_14)
FNDA:0,(anonymous_15)
DA:1,1
DA:5,1
DA:6,1
DA:8,5
DA:9,5
DA:10,5
DA:11,5
DA:12,5
DA:13,5
DA:14,5
DA:17,0
DA:20,0
DA:21,0
DA:22,0
DA:23,0
DA:24,0
DA:26,0
DA:27,0
DA:28,0
DA:29,0
DA:30,0
DA:31,0
DA:35,0
DA:38,0
DA:39,0
DA:43,0
DA:51,0
DA:54,0
DA:55,0
DA:56,0
DA:57,0
DA:58,0
DA:59,0
DA:61,0
DA:62,0
DA:63,0
DA:66,0
DA:67,0
DA:68,0
DA:69,0
DA:70,0
DA:73,0
DA:74,0
DA:77,0
DA:78,0
DA:79,0
DA:80,0
DA:81,0
DA:83,0
DA:85,0
DA:88,0
DA:89,0
DA:90,0
DA:91,0
DA:92,0
DA:93,0
DA:94,0
DA:95,0
DA:96,0
DA:104,1
LF:60
LH:11
BRDA:20,1,0,0
BRDA:20,1,1,0
BRDA:22,2,0,0
BRDA:22,2,1,0
BRDA:22,3,0,0
BRDA:22,3,1,0
BRDA:22,3,2,0
BRDA:22,3,3,0
BRDA:22,3,4,0
BRDA:30,4,0,0
BRDA:30,4,1,0
BRDA:30,5,0,0
BRDA:30,5,1,0
BRDA:39,6,0,0
BRDA:39,6,1,0
BRDA:56,7,0,0
BRDA:56,7,1,0
BRDA:56,7,2,0
BRDA:57,8,0,0
BRDA:57,8,1,0
BRDA:57,9,0,0
BRDA:57,9,1,0
BRDA:59,10,0,0
BRDA:59,10,1,0
BRDA:59,10,2,0
BRDA:61,11,0,0
BRDA:61,11,1,0
BRDA:61,12,0,0
BRDA:61,12,1,0
BRDA:66,13,0,0
BRDA:66,13,1,0
BRDA:66,14,0,0
BRDA:66,14,1,0
BRDA:74,15,0,0
BRDA:74,15,1,0
BRDA:79,16,0,0
BRDA:79,16,1,0
BRDA:79,17,0,0
BRDA:79,17,1,0
BRDA:85,18,0,0
BRDA:85,18,1,0
BRF:41
BRH:0
end_of_record
TN:
SF:/Users/baidu/www/jpui/build/src/core/sliderTools.js
FN:1,(anonymous_1)
FN:2,getContainerWidth
FN:17,getValidStep
FN:27,(anonymous_4)
FN:39,(anonymous_5)
FN:50,(anonymous_6)
FN:76,(anonymous_7)
FN:84,(anonymous_8)
FNF:8
FNH:7
FNDA:1,(anonymous_1)
FNDA:37,getContainerWidth
FNDA:44,getValidStep
FNDA:19,(anonymous_4)
FNDA:18,(anonymous_5)
FNDA:40,(anonymous_6)
FNDA:4,(anonymous_7)
FNDA:0,(anonymous_8)
DA:1,1
DA:2,1
DA:3,37
DA:4,37
DA:5,37
DA:6,0
DA:7,0
DA:8,0
DA:9,0
DA:11,37
DA:12,37
DA:13,37
DA:14,0
DA:15,37
DA:17,1
DA:18,44
DA:19,44
DA:20,21
DA:22,23
DA:24,44
DA:26,1
DA:28,19
DA:29,19
DA:30,19
DA:31,19
DA:32,19
DA:33,0
DA:34,0
DA:35,0
DA:37,19
DA:40,18
DA:41,18
DA:42,18
DA:43,18
DA:44,0
DA:45,0
DA:46,0
DA:48,18
DA:51,40
DA:52,40
DA:53,40
DA:54,40
DA:55,0
DA:56,0
DA:57,0
DA:59,40
DA:60,40
DA:61,40
DA:62,40
DA:63,40
DA:64,40
DA:65,0
DA:66,0
DA:67,0
DA:68,0
DA:69,0
DA:70,0
DA:71,0
DA:74,0
DA:77,4
DA:84,1
LF:61
LH:39
BRDA:4,1,0,37
BRDA:4,1,1,0
BRDA:6,2,0,0
BRDA:6,2,1,0
BRDA:6,3,0,0
BRDA:6,3,1,0
BRDA:8,4,0,0
BRDA:8,4,1,0
BRDA:8,5,0,0
BRDA:8,5,1,0
BRDA:8,5,2,0
BRDA:13,6,0,0
BRDA:13,6,1,37
BRDA:19,7,0,21
BRDA:19,7,1,23
BRDA:19,8,0,44
BRDA:19,8,1,23
BRDA:28,9,0,0
BRDA:28,9,1,19
BRDA:29,10,0,0
BRDA:29,10,1,19
BRDA:32,11,0,0
BRDA:32,11,1,19
BRDA:40,12,0,0
BRDA:40,12,1,18
BRDA:41,13,0,0
BRDA:41,13,1,18
BRDA:43,14,0,0
BRDA:43,14,1,18
BRDA:51,15,0,0
BRDA:51,15,1,40
BRDA:52,16,0,0
BRDA:52,16,1,40
BRDA:53,17,0,0
BRDA:53,17,1,40
BRDA:54,18,0,0
BRDA:54,18,1,40
BRDA:61,19,0,4
BRDA:61,19,1,36
BRDA:62,20,0,0
BRDA:62,20,1,40
BRDA:63,21,0,40
BRDA:63,21,1,0
BRDA:65,22,0,0
BRDA:65,22,1,0
BRDA:67,23,0,0
BRDA:67,23,1,0
BRF:47
BRH:20
end_of_record
TN:
SF:/Users/baidu/www/jpui/build/src/mixins/WidgetWithFixedDom.js
FN:4,(anonymous_1)
FN:7,(anonymous_2)
FN:11,(anonymous_3)
FN:14,(anonymous_4)
FN:46,(anonymous_5)
FN:70,(anonymous_6)
FNF:6
FNH:4
FNDA:1,(anonymous_1)
FNDA:7,(anonymous_2)
FNDA:1,(anonymous_3)
FNDA:0,(anonymous_4)
FNDA:7,(anonymous_5)
FNDA:0,(anonymous_6)
DA:1,1
DA:5,1
DA:6,1
DA:8,7
DA:9,7
DA:12,1
DA:15,0
DA:16,0
DA:17,0
DA:18,0
DA:19,0
DA:20,0
DA:21,0
DA:22,0
DA:23,0
DA:24,0
DA:25,0
DA:26,0
DA:27,0
DA:28,0
DA:30,0
DA:31,0
DA:32,0
DA:33,0
DA:34,0
DA:35,0
DA:36,0
DA:37,0
DA:38,0
DA:39,0
DA:40,0
DA:41,0
DA:42,0
DA:47,7
DA:48,7
DA:49,0
DA:50,7
DA:51,0
DA:52,0
DA:53,0
DA:54,0
DA:56,0
DA:57,0
DA:58,0
DA:70,1
LF:45
LH:10
BRDA:16,1,0,0
BRDA:16,1,1,0
BRDA:17,2,0,0
BRDA:17,2,1,0
BRDA:19,3,0,0
BRDA:19,3,1,0
BRDA:24,4,0,0
BRDA:24,4,1,0
BRDA:24,5,0,0
BRDA:24,5,1,0
BRDA:24,5,2,0
BRDA:24,5,3,0
BRDA:26,6,0,0
BRDA:26,6,1,0
BRDA:28,7,0,0
BRDA:28,7,1,0
BRDA:31,8,0,0
BRDA:31,8,1,0
BRDA:33,9,0,0
BRDA:33,9,1,0
BRDA:37,10,0,0
BRDA:37,10,1,0
BRDA:38,11,0,0
BRDA:38,11,1,0
BRDA:39,12,0,0
BRDA:39,12,1,0
BRDA:42,13,0,0
BRDA:42,13,1,0
BRDA:48,14,0,0
BRDA:48,14,1,7
BRDA:53,15,0,0
BRDA:53,15,1,0
BRDA:53,16,0,0
BRDA:53,16,1,0
BRDA:57,17,0,0
BRDA:57,17,1,0
BRF:36
BRH:1
end_of_record
TN:
SF:/Users/baidu/www/jpui/build/src/components/table/NoDataRenderer.jsx.js
FN:1,(anonymous_1)
FN:5,getDefaultProps
FN:8,render
FN:15,(anonymous_4)
FNF:4
FNH:3
FNDA:1,(anonymous_1)
FNDA:1,getDefaultProps
FNDA:2,render
FNDA:0,(anonymous_4)
DA:1,1
DA:2,1
DA:3,1
DA:4,1
DA:6,1
DA:9,2
DA:15,1
DA:16,0
LF:8
LH:7
BRF:0
BRH:0
end_of_record
TN:
SF:/Users/baidu/www/jpui/build/src/factories/tableFactory.jsx.js
FN:1,(anonymous_1)
FN:12,(anonymous_2)
FN:26,colgroupFactory
FN:41,headerFactory
FN:65,(anonymous_5)
FN:76,(anonymous_6)
FN:95,getHeadDom
FN:113,summaryFactory
FN:136,messageFactory
FN:149,lineFactory
FN:184,(anonymous_11)
FNF:11
FNH:7
FNDA:0,(anonymous_1)
FNDA:1,(anonymous_2)
FNDA:24,colgroupFactory
FNDA:24,headerFactory
FNDA:0,(anonymous_5)
FNDA:0,(anonymous_6)
FNDA:56,getHeadDom
FNDA:24,summaryFactory
FNDA:24,messageFactory
FNDA:24,lineFactory
FNDA:0,(anonymous_11)
DA:1,1
DA:2,0
DA:3,0
DA:4,0
DA:5,0
DA:6,0
DA:10,0
DA:12,1
DA:13,1
DA:14,1
DA:15,1
DA:16,1
DA:17,1
DA:18,1
DA:22,1
DA:23,1
DA:24,1
DA:25,1
DA:27,24
DA:28,24
DA:29,24
DA:30,74
DA:31,74
DA:39,24
DA:42,24
DA:43,18
DA:44,18
DA:45,0
DA:46,0
DA:47,0
DA:48,0
DA:49,0
DA:50,0
DA:51,0
DA:52,0
DA:54,0
DA:58,0
DA:60,0
DA:62,0
DA:65,0
DA:66,0
DA:67,0
DA:69,0
DA:76,0
DA:77,0
DA:79,0
DA:80,0
DA:84,0
DA:88,0
DA:90,18
DA:95,1
DA:96,56
DA:97,0
DA:103,56
DA:104,56
DA:110,56
DA:114,24
DA:115,22
DA:117,2
DA:118,2
DA:119,2
DA:120,2
DA:121,6
DA:122,6
DA:123,6
DA:124,6
DA:125,6
DA:126,6
DA:131,2
DA:137,24
DA:138,22
DA:140,2
DA:141,2
DA:142,2
DA:143,2
DA:144,2
DA:150,24
DA:151,24
DA:153,24
DA:154,24
DA:155,2
DA:156,2
DA:161,22
DA:162,66
DA:163,66
DA:164,66
DA:165,66
DA:166,66
DA:170,66
DA:171,204
DA:172,204
DA:173,204
DA:174,204
DA:176,66
DA:178,22
DA:184,1
DA:185,0
LF:97
LH:67
BRDA:1,1,0,1
BRDA:1,1,1,1
BRDA:5,2,0,0
BRDA:5,2,1,0
BRDA:42,3,0,6
BRDA:42,3,1,18
BRDA:42,4,0,24
BRDA:42,4,1,24
BRDA:44,5,0,0
BRDA:44,5,1,18
BRDA:50,6,0,0
BRDA:50,6,1,0
BRDA:50,7,0,0
BRDA:50,7,1,0
BRDA:51,8,0,0
BRDA:51,8,1,0
BRDA:66,9,0,0
BRDA:66,9,1,0
BRDA:80,10,0,0
BRDA:80,10,1,0
BRDA:84,11,0,0
BRDA:84,11,1,0
BRDA:96,12,0,0
BRDA:96,12,1,56
BRDA:103,13,0,2
BRDA:103,13,1,54
BRDA:114,14,0,22
BRDA:114,14,1,2
BRDA:114,15,0,24
BRDA:114,15,1,24
BRDA:114,15,2,2
BRDA:123,16,0,0
BRDA:123,16,1,6
BRDA:123,17,0,0
BRDA:123,17,1,6
BRDA:124,18,0,0
BRDA:124,18,1,6
BRDA:125,19,0,6
BRDA:125,19,1,6
BRDA:137,20,0,22
BRDA:137,20,1,2
BRDA:137,21,0,24
BRDA:137,21,1,24
BRDA:137,21,2,2
BRDA:142,22,0,0
BRDA:142,22,1,2
BRDA:153,23,0,24
BRDA:153,23,1,0
BRDA:154,24,0,2
BRDA:154,24,1,22
BRDA:155,25,0,2
BRDA:155,25,1,0
BRDA:162,26,0,0
BRDA:162,26,1,66
BRDA:162,27,0,66
BRDA:162,27,1,0
BRDA:168,28,0,0
BRDA:168,28,1,66
BRDA:172,29,0,6
BRDA:172,29,1,198
BRF:60
BRH:35
end_of_record
TN:
SF:/Users/baidu/www/jpui/build/src/mixins/InputWidgetImeFixedForPreactIE.js
FN:4,(anonymous_1)
FN:8,(anonymous_2)
FN:16,(anonymous_3)
FN:21,(anonymous_4)
FN:30,(anonymous_5)
FN:35,(anonymous_6)
FN:40,(anonymous_7)
FN:44,(anonymous_8)
FN:50,(anonymous_9)
FN:54,(anonymous_10)
FN:58,(anonymous_11)
FN:60,(anonymous_12)
FN:70,(anonymous_13)
FN:86,(anonymous_14)
FNF:14
FNH:1
FNDA:1,(anonymous_1)
FNDA:0,(anonymous_2)
FNDA:0,(anonymous_3)
FNDA:0,(anonymous_4)
FNDA:0,(anonymous_5)
FNDA:0,(anonymous_6)
FNDA:0,(anonymous_7)
FNDA:0,(anonymous_8)
FNDA:0,(anonymous_9)
FNDA:0,(anonymous_10)
FNDA:0,(anonymous_11)
FNDA:0,(anonymous_12)
FNDA:0,(anonymous_13)
FNDA:0,(anonymous_14)
DA:1,1
DA:5,1
DA:6,1
DA:7,1
DA:9,0
DA:10,0
DA:11,0
DA:12,0
DA:13,0
DA:14,0
DA:17,0
DA:18,0
DA:22,0
DA:23,0
DA:25,0
DA:26,0
DA:27,0
DA:28,0
DA:31,0
DA:32,0
DA:33,0
DA:36,0
DA:37,0
DA:38,0
DA:39,0
DA:40,0
DA:41,0
DA:45,0
DA:46,0
DA:47,0
DA:48,0
DA:49,0
DA:50,0
DA:51,0
DA:55,0
DA:56,0
DA:59,0
DA:60,0
DA:61,0
DA:62,0
DA:63,0
DA:65,0
DA:67,0
DA:68,0
DA:71,0
DA:72,0
DA:73,0
DA:74,0
DA:75,0
DA:76,0
DA:77,0
DA:78,0
DA:79,0
DA:86,1
LF:54
LH:5
BRDA:13,1,0,0
BRDA:13,1,1,0
BRDA:17,2,0,0
BRDA:17,2,1,0
BRDA:22,3,0,0
BRDA:22,3,1,0
BRDA:25,4,0,0
BRDA:25,4,1,0
BRDA:27,5,0,0
BRDA:27,5,1,0
BRDA:45,6,0,0
BRDA:45,6,1,0
BRDA:56,7,0,0
BRDA:56,7,1,0
BRDA:61,8,0,0
BRDA:61,8,1,0
BRDA:61,9,0,0
BRDA:61,9,1,0
BRDA:68,10,0,0
BRDA:68,10,1,0
BRDA:73,11,0,0
BRDA:73,11,1,0
BRF:22
BRH:0
end_of_record
TN:
SF:/Users/baidu/www/jpui/build/src/components/dialog/Alert.jsx.js
FN:1,(anonymous_1)
FN:6,getDefaultProps
FN:9,close
FN:12,onClose
FN:15,render
FN:32,(anonymous_6)
FNF:6
FNH:4
FNDA:1,(anonymous_1)
FNDA:1,getDefaultProps
FNDA:0,close
FNDA:1,onClose
FNDA:8,render
FNDA:0,(anonymous_6)
DA:1,1
DA:2,1
DA:3,1
DA:4,1
DA:7,1
DA:13,1
DA:16,8
DA:17,8
DA:23,8
DA:32,1
DA:33,0
LF:11
LH:10
BRDA:16,1,0,0
BRDA:16,1,1,8
BRF:2
BRH:1
end_of_record
TN:
SF:/Users/baidu/www/jpui/build/src/components/dialog/Confirm.jsx.js
FN:1,(anonymous_1)
FN:6,getDefaultProps
FN:17,onEnterClick
FN:21,onCancelClick
FN:25,render
FN:48,(anonymous_6)
FNF:6
FNH:5
FNDA:1,(anonymous_1)
FNDA:1,getDefaultProps
FNDA:1,onEnterClick
FNDA:1,onCancelClick
FNDA:4,render
FNDA:0,(anonymous_6)
DA:1,1
DA:2,1
DA:3,1
DA:4,1
DA:7,1
DA:18,1
DA:19,1
DA:22,1
DA:23,1
DA:26,4
DA:27,4
DA:33,4
DA:39,4
DA:48,1
DA:49,0
LF:15
LH:14
BRDA:18,1,0,1
BRDA:18,1,1,1
BRDA:22,2,0,1
BRDA:22,2,1,1
BRDA:26,3,0,0
BRDA:26,3,1,4
BRDA:30,4,0,4
BRDA:30,4,1,0
BRDA:34,5,0,0
BRDA:34,5,1,4
BRF:10
BRH:7
end_of_record
TN:
SF:/Users/baidu/www/jpui/build/src/core/shojiScreenTools.js
FN:4,(anonymous_1)
FN:7,(anonymous_2)
FN:18,(anonymous_3)
FN:32,(anonymous_4)
FN:44,(anonymous_5)
FNF:5
FNH:4
FNDA:1,(anonymous_1)
FNDA:1,(anonymous_2)
FNDA:3,(anonymous_3)
FNDA:4,(anonymous_4)
FNDA:0,(anonymous_5)
DA:1,1
DA:5,1
DA:6,1
DA:8,1
DA:9,0
DA:10,1
DA:11,1
DA:12,1
DA:13,0
DA:14,0
DA:16,1
DA:19,3
DA:20,0
DA:21,3
DA:22,3
DA:23,3
DA:24,3
DA:25,1
DA:26,1
DA:28,0
DA:30,3
DA:33,4
DA:34,4
DA:35,4
DA:36,1
DA:44,1
LF:26
LH:21
BRDA:8,1,0,0
BRDA:8,1,1,1
BRDA:10,2,0,1
BRDA:10,2,1,0
BRDA:13,3,0,0
BRDA:13,3,1,0
BRDA:19,4,0,0
BRDA:19,4,1,3
BRDA:21,5,0,2
BRDA:21,5,1,1
BRDA:25,6,0,1
BRDA:25,6,1,0
BRDA:33,7,0,4
BRDA:33,7,1,0
BRF:14
BRH:7
end_of_record
TN:
SF:/Users/baidu/www/jpui/build/src/core/validationTools.js
FN:1,(anonymous_1)
FN:3,(anonymous_2)
FN:14,(anonymous_3)
FN:22,(anonymous_4)
FN:47,(anonymous_5)
FNF:5
FNH:4
FNDA:1,(anonymous_1)
FNDA:1225,(anonymous_2)
FNDA:702,(anonymous_3)
FNDA:12,(anonymous_4)
FNDA:0,(anonymous_5)
DA:1,1
DA:2,1
DA:4,1225
DA:5,1225
DA:6,0
DA:7,0
DA:8,0
DA:10,0
DA:12,0
DA:15,702
DA:16,702
DA:17,702
DA:18,687
DA:20,15
DA:23,12
DA:24,12
DA:25,12
DA:26,0
DA:28,12
DA:29,0
DA:30,0
DA:31,0
DA:32,0
DA:35,12
DA:36,25
DA:37,25
DA:40,12
DA:47,1
LF:28
LH:18
BRDA:4,1,0,1225
BRDA:4,1,1,0
BRDA:5,2,0,1225
BRDA:5,2,1,0
BRDA:17,3,0,687
BRDA:17,3,1,15
BRDA:17,4,0,702
BRDA:17,4,1,15
BRDA:17,4,2,15
BRDA:17,4,3,15
BRDA:25,5,0,0
BRDA:25,5,1,12
BRDA:28,6,0,0
BRDA:28,6,1,12
BRDA:31,7,0,0
BRDA:31,7,1,0
BRDA:36,8,0,25
BRDA:36,8,1,0
BRF:18
BRH:11
end_of_record
TN:
SF:/Users/baidu/www/jpui/build/src/core/validations.js
FN:1,(anonymous_1)
FN:2,isExisty
FN:5,isEmpty
FN:8,getLengthInBytes
FN:12,matchRegexp
FN:16,(anonymous_6)
FN:22,(anonymous_7)
FN:25,(anonymous_8)
FN:28,(anonymous_9)
FN:35,(anonymous_10)
FN:43,(anonymous_11)
FN:51,(anonymous_12)
FN:59,(anonymous_13)
FN:66,(anonymous_14)
FN:73,(anonymous_15)
FN:85,(anonymous_16)
FN:91,(anonymous_17)
FN:97,(anonymous_18)
FN:103,(anonymous_19)
FN:109,(anonymous_20)
FN:115,(anonymous_21)
FN:126,(anonymous_22)
FNF:22
FNH:5
FNDA:1,(anonymous_1)
FNDA:10,isExisty
FNDA:10,isEmpty
FNDA:0,getLengthInBytes
FNDA:0,matchRegexp
FNDA:5,(anonymous_6)
FNDA:0,(anonymous_7)
FNDA:5,(anonymous_8)
FNDA:0,(anonymous_9)
FNDA:0,(anonymous_10)
FNDA:0,(anonymous_11)
FNDA:0,(anonymous_12)
FNDA:0,(anonymous_13)
FNDA:0,(anonymous_14)
FNDA:0,(anonymous_15)
FNDA:0,(anonymous_16)
FNDA:0,(anonymous_17)
FNDA:0,(anonymous_18)
FNDA:0,(anonymous_19)
FNDA:0,(anonymous_20)
FNDA:0,(anonymous_21)
FNDA:0,(anonymous_22)
DA:1,1
DA:2,1
DA:3,10
DA:5,1
DA:6,10
DA:8,1
DA:9,0
DA:10,0
DA:12,1
DA:13,0
DA:15,1
DA:17,5
DA:23,0
DA:26,5
DA:29,0
DA:30,0
DA:36,0
DA:37,0
DA:38,0
DA:44,0
DA:45,0
DA:46,0
DA:52,0
DA:53,0
DA:54,0
DA:60,0
DA:61,0
DA:67,0
DA:68,0
DA:74,0
DA:75,0
DA:76,0
DA:78,0
DA:80,0
DA:86,0
DA:92,0
DA:98,0
DA:104,0
DA:110,0
DA:116,0
DA:126,1
LF:41
LH:11
BRDA:3,1,0,10
BRDA:3,1,1,10
BRDA:10,2,0,0
BRDA:10,2,1,0
BRDA:13,3,0,0
BRDA:13,3,1,0
BRDA:13,3,2,0
BRDA:18,4,0,5
BRDA:18,4,1,5
BRDA:18,4,2,0
BRDA:26,5,0,5
BRDA:26,5,1,5
BRDA:26,5,2,5
BRDA:36,6,0,0
BRDA:36,6,1,0
BRDA:44,7,0,0
BRDA:44,7,1,0
BRDA:55,8,0,0
BRDA:55,8,1,0
BRDA:75,9,0,0
BRDA:75,9,1,0
BRDA:99,10,0,0
BRDA:99,10,1,0
BRDA:105,11,0,0
BRDA:105,11,1,0
BRDA:111,12,0,0
BRDA:111,12,1,0
BRDA:111,12,2,0
BRDA:117,13,0,0
BRDA:117,13,1,0
BRF:30
BRH:7
end_of_record
TN:
SF:/Users/baidu/www/jpui/build/src/mixins/TreeNodeBase.js
FN:1,(anonymous_1)
FN:3,(anonymous_2)
FN:27,(anonymous_3)
FNF:3
FNH:2
FNDA:1,(anonymous_1)
FNDA:6,(anonymous_2)
FNDA:0,(anonymous_3)
DA:1,1
DA:2,1
DA:4,6
DA:5,6
DA:6,1
DA:7,5
DA:8,5
DA:9,5
DA:10,5
DA:11,5
DA:13,0
DA:15,5
DA:16,5
DA:17,5
DA:18,5
DA:19,1
DA:27,1
LF:17
LH:16
BRDA:5,1,0,1
BRDA:5,1,1,5
BRDA:9,2,0,5
BRDA:9,2,1,1
BRDA:10,3,0,5
BRDA:10,3,1,0
BRDA:18,4,0,1
BRDA:18,4,1,4
BRDA:18,5,0,5
BRDA:18,5,1,1
BRDA:18,6,0,5
BRDA:18,6,1,5
BRF:12
BRH:11
end_of_record
TN:
SF:/Users/baidu/www/jpui/build/src/components/table/MessageBar.jsx.js
FN:1,(anonymous_1)
FN:4,getDefaultProps
FN:9,onClick
FN:12,onButtonClick
FN:15,render
FN:25,(anonymous_6)
FNF:6
FNH:4
FNDA:1,(anonymous_1)
FNDA:1,getDefaultProps
FNDA:0,onClick
FNDA:1,onButtonClick
FNDA:2,render
FNDA:0,(anonymous_6)
DA:1,1
DA:2,1
DA:3,1
DA:5,1
DA:13,1
DA:16,2
DA:25,1
DA:26,0
LF:8
LH:7
BRF:0
BRH:0
end_of_record
TN:
SF:/Users/baidu/www/jpui/build/src/components/table/NormalHeader.jsx.js
FN:1,(anonymous_1)
FN:5,getDefaultProps
FN:11,onSortClick
FN:27,render
FN:62,(anonymous_5)
FNF:5
FNH:4
FNDA:1,(anonymous_1)
FNDA:1,getDefaultProps
FNDA:4,onSortClick
FNDA:54,render
FNDA:0,(anonymous_5)
DA:1,1
DA:2,1
DA:3,1
DA:4,1
DA:6,1
DA:12,4
DA:13,4
DA:14,4
DA:15,4
DA:16,4
DA:17,4
DA:18,4
DA:19,1
DA:21,3
DA:22,3
DA:24,4
DA:25,4
DA:28,54
DA:29,54
DA:30,54
DA:31,54
DA:32,54
DA:33,54
DA:34,54
DA:35,54
DA:36,54
DA:37,48
DA:39,54
DA:47,54
DA:48,54
DA:56,54
DA:62,1
DA:63,0
LF:33
LH:32
BRDA:13,1,0,4
BRDA:13,1,1,0
BRDA:16,2,0,4
BRDA:16,2,1,2
BRDA:17,3,0,4
BRDA:17,3,1,2
BRDA:18,4,0,1
BRDA:18,4,1,3
BRDA:19,5,0,0
BRDA:19,5,1,1
BRDA:29,6,0,54
BRDA:29,6,1,0
BRDA:30,7,0,54
BRDA:30,7,1,0
BRDA:32,8,0,54
BRDA:32,8,1,36
BRDA:34,9,0,54
BRDA:34,9,1,36
BRDA:35,10,0,54
BRDA:35,10,1,18
BRDA:36,11,0,48
BRDA:36,11,1,6
BRDA:40,12,0,0
BRDA:40,12,1,54
BRDA:42,13,0,24
BRDA:42,13,1,30
BRDA:43,14,0,48
BRDA:43,14,1,6
BRDA:50,15,0,54
BRDA:50,15,1,0
BRDA:50,16,0,54
BRDA:50,16,1,0
BRDA:52,17,0,54
BRDA:52,17,1,54
BRDA:53,18,0,54
BRDA:53,18,1,54
BRF:36
BRH:29
end_of_record
TN:
SF:/Users/baidu/www/jpui/build/src/components/table/NormalRenderer.jsx.js
FN:1,(anonymous_1)
FN:4,getDefaultProps
FN:11,getInitialState
FN:14,render
FN:31,(anonymous_5)
FNF:5
FNH:4
FNDA:1,(anonymous_1)
FNDA:1,getDefaultProps
FNDA:90,getInitialState
FNDA:198,render
FNDA:0,(anonymous_5)
DA:1,1
DA:2,1
DA:3,1
DA:5,1
DA:12,90
DA:15,198
DA:20,198
DA:31,1
DA:32,0
LF:9
LH:8
BRF:0
BRH:0
end_of_record
TN:
SF:/Users/baidu/www/jpui/build/src/components/table/SelectorInHeader.jsx.js
FN:1,(anonymous_1)
FN:12,(anonymous_2)
FN:27,getInformationFromTable
FN:36,getDefaultProps
FN:49,getInitialState
FN:52,onListClick
FN:56,onMainSelectorChange
FN:67,render
FN:117,(anonymous_9)
FNF:9
FNH:6
FNDA:2246,(anonymous_1)
FNDA:1,(anonymous_2)
FNDA:2,getInformationFromTable
FNDA:1,getDefaultProps
FNDA:2,getInitialState
FNDA:0,onListClick
FNDA:0,onMainSelectorChange
FNDA:2,render
FNDA:0,(anonymous_9)
DA:1,1
DA:2,2246
DA:3,4473
DA:4,4473
DA:5,16143
DA:6,16143
DA:10,2246
DA:12,1
DA:13,1
DA:14,1
DA:15,1
DA:16,1
DA:17,1
DA:18,1
DA:19,1
DA:23,1
DA:27,1
DA:28,2
DA:29,2
DA:34,1
DA:37,1
DA:50,2
DA:53,0
DA:54,0
DA:57,0
DA:58,0
DA:59,0
DA:60,0
DA:61,0
DA:63,0
DA:65,0
DA:68,2
DA:69,2
DA:70,2
DA:71,2
DA:72,2
DA:73,2
DA:74,2
DA:78,2
DA:83,2
DA:84,0
DA:89,2
DA:90,2
DA:97,2
DA:105,2
DA:117,1
DA:118,0
LF:47
LH:36
BRDA:1,1,0,1
BRDA:1,1,1,1
BRDA:5,2,0,16143
BRDA:5,2,1,0
BRDA:60,3,0,0
BRDA:60,3,1,0
BRDA:61,4,0,0
BRDA:61,4,1,0
BRDA:63,5,0,0
BRDA:63,5,1,0
BRDA:63,6,0,0
BRDA:63,6,1,0
BRDA:71,7,0,2
BRDA:71,7,1,2
BRDA:71,7,2,0
BRDA:72,8,0,2
BRDA:72,8,1,0
BRDA:73,9,0,0
BRDA:73,9,1,2
BRDA:73,10,0,0
BRDA:73,10,1,0
BRDA:73,11,0,2
BRDA:73,11,1,2
BRDA:76,12,0,0
BRDA:76,12,1,2
BRDA:76,13,0,2
BRDA:76,13,1,2
BRDA:76,14,0,0
BRDA:76,14,1,2
BRDA:76,15,0,2
BRDA:76,15,1,0
BRDA:83,16,0,0
BRDA:83,16,1,2
BRDA:83,17,0,2
BRDA:83,17,1,2
BRDA:89,18,0,0
BRDA:89,18,1,2
BRDA:91,19,0,2
BRDA:91,19,1,0
BRDA:91,20,0,0
BRDA:91,20,1,2
BRDA:91,21,0,2
BRDA:91,21,1,0
BRDA:98,22,0,2
BRDA:98,22,1,0
BRDA:103,23,0,0
BRDA:103,23,1,2
BRF:47
BRH:23
end_of_record
TN:
SF:/Users/baidu/www/jpui/build/src/components/table/SelectorInTBody.jsx.js
FN:1,(anonymous_1)
FN:5,getDefaultProps
FN:10,onRowSelect
FN:14,getInitialState
FN:17,render
FN:38,(anonymous_6)
FNF:6
FNH:4
FNDA:1,(anonymous_1)
FNDA:1,getDefaultProps
FNDA:0,onRowSelect
FNDA:6,getInitialState
FNDA:6,render
FNDA:0,(anonymous_6)
DA:1,1
DA:2,1
DA:3,1
DA:4,1
DA:6,1
DA:15,6
DA:18,6
DA:19,0
DA:21,6
DA:28,6
DA:38,1
DA:39,0
LF:12
LH:10
BRDA:18,1,0,0
BRDA:18,1,1,6
BRF:2
BRH:1
end_of_record
